Abaqus JOB pot1
Abaqus 6.14-2
Abaqus License Manager checked out the following licenses:
Abaqus/Explicit checked out 5 tokens from Flexnet server 10.5.1.66.
<155 out of 160 licenses remain available>.
Begin Analysis Input File Processor
05/12/2019 11:09:18
Run pre.exe
05/12/2019 11:09:21
End Analysis Input File Processor
Begin Abaqus/Explicit Packager
05/12/2019 11:09:21
Run package.exe
05/12/2019 11:09:24
End Abaqus/Explicit Packager
Begin Abaqus/Explicit Analysis
05/12/2019 11:09:24
Run explicit.exe
05/12/2019 11:10:15
End Abaqus/Explicit Analysis
Begin Selected Results Translator
05/12/2019 11:10:15
Run select.exe
05/12/2019 11:10:15
End Selected Results Translator
Abaqus JOB pot1 COMPLETED
