Abaqus JOB pot2
Abaqus 6.14-2
Abaqus License Manager checked out the following licenses:
Abaqus/Explicit checked out 5 tokens from Flexnet server 10.5.1.66.
<155 out of 160 licenses remain available>.
Begin Analysis Input File Processor
05/12/2019 12:20:43
Run pre.exe
05/12/2019 12:20:46
End Analysis Input File Processor
Begin Abaqus/Explicit Packager
05/12/2019 12:20:46
Run package.exe
05/12/2019 12:20:49
End Abaqus/Explicit Packager
Begin Abaqus/Explicit Analysis
05/12/2019 12:20:49
Run explicit.exe
05/12/2019 12:21:28
End Abaqus/Explicit Analysis
Begin Selected Results Translator
05/12/2019 12:21:28
Run select.exe
05/12/2019 12:21:28
End Selected Results Translator
Abaqus JOB pot2 COMPLETED
