1
0
1
ASSEMBLY
3
PLAQUE-1
PLAQUE
PLAQUE-2
PLAQUE
POT1-1
POT1
3
PLAQUE-1
362
1 1
2 2
3 3
4 4
5 5
6 6
7 7
8 8
9 9
10 10
11 11
12 12
13 13
14 14
15 15
16 16
17 17
18 18
19 19
20 20
21 21
22 22
23 23
24 24
25 25
26 26
27 27
28 28
29 29
30 30
31 31
32 32
33 33
34 34
35 35
36 36
37 37
38 38
39 39
40 40
41 41
42 42
43 43
44 44
45 45
46 46
47 47
48 48
49 49
50 50
51 51
52 52
53 53
54 54
55 55
56 56
57 57
58 58
59 59
60 60
61 61
62 62
63 63
64 64
65 65
66 66
67 67
68 68
69 69
70 70
71 71
72 72
73 73
74 74
75 75
76 76
77 77
78 78
79 79
80 80
81 81
82 82
83 83
84 84
85 85
86 86
87 87
88 88
89 89
90 90
91 91
92 92
93 93
94 94
95 95
96 96
97 97
98 98
99 99
100 100
101 101
102 102
103 103
104 104
105 105
106 106
107 107
108 108
109 109
110 110
111 111
112 112
113 113
114 114
115 115
116 116
117 117
118 118
119 119
120 120
121 121
122 122
123 123
124 124
125 125
126 126
127 127
128 128
129 129
130 130
131 131
132 132
133 133
134 134
135 135
136 136
137 137
138 138
139 139
140 140
141 141
142 142
143 143
144 144
145 145
146 146
147 147
148 148
149 149
150 150
151 151
152 152
153 153
154 154
155 155
156 156
157 157
158 158
159 159
160 160
161 161
162 162
163 163
164 164
165 165
166 166
167 167
168 168
169 169
170 170
171 171
172 172
173 173
174 174
175 175
176 176
177 177
178 178
179 179
180 180
181 181
182 182
183 183
184 184
185 185
186 186
187 187
188 188
189 189
190 190
191 191
192 192
193 193
194 194
195 195
196 196
197 197
198 198
199 199
200 200
201 201
202 202
203 203
204 204
205 205
206 206
207 207
208 208
209 209
210 210
211 211
212 212
213 213
214 214
215 215
216 216
217 217
218 218
219 219
220 220
221 221
222 222
223 223
224 224
225 225
226 226
227 227
228 228
229 229
230 230
231 231
232 232
233 233
234 234
235 235
236 236
237 237
238 238
239 239
240 240
241 241
242 242
243 243
244 244
245 245
246 246
247 247
248 248
249 249
250 250
251 251
252 252
253 253
254 254
255 255
256 256
257 257
258 258
259 259
260 260
261 261
262 262
263 263
264 264
265 265
266 266
267 267
268 268
269 269
270 270
271 271
272 272
273 273
274 274
275 275
276 276
277 277
278 278
279 279
280 280
281 281
282 282
283 283
284 284
285 285
286 286
287 287
288 288
289 289
290 290
291 291
292 292
293 293
294 294
295 295
296 296
297 297
298 298
299 299
300 300
301 301
302 302
303 303
304 304
305 305
306 306
307 307
308 308
309 309
310 310
311 311
312 312
313 313
314 314
315 315
316 316
317 317
318 318
319 319
320 320
321 321
322 322
323 323
324 324
325 325
326 326
327 327
328 328
329 329
330 330
331 331
332 332
333 333
334 334
335 335
336 336
337 337
338 338
339 339
340 340
341 341
342 342
343 343
344 344
345 345
346 346
347 347
348 348
349 349
350 350
351 351
352 352
353 353
354 354
355 355
356 356
357 357
358 358
359 359
360 360
361 361
362 362
1 1
2 2
3 3
4 4
5 5
6 6
7 7
8 8
9 9
10 10
11 11
12 12
13 13
14 14
15 15
16 16
17 17
18 18
19 19
20 20
21 21
22 22
23 23
24 24
25 25
26 26
27 27
28 28
29 29
30 30
31 31
32 32
33 33
34 34
35 35
36 36
37 37
38 38
39 39
40 40
41 41
42 42
43 43
44 44
45 45
46 46
47 47
48 48
49 49
50 50
51 51
52 52
53 53
54 54
55 55
56 56
57 57
58 58
59 59
60 60
61 61
62 62
63 63
64 64
65 65
66 66
67 67
68 68
69 69
70 70
71 71
72 72
73 73
74 74
75 75
76 76
77 77
78 78
79 79
80 80
81 81
82 82
83 83
84 84
85 85
86 86
87 87
88 88
89 89
90 90
91 91
92 92
93 93
94 94
95 95
96 96
97 97
98 98
99 99
100 100
101 101
102 102
103 103
104 104
105 105
106 106
107 107
108 108
109 109
110 110
111 111
112 112
113 113
114 114
115 115
116 116
117 117
118 118
119 119
120 120
121 121
122 122
123 123
124 124
125 125
126 126
127 127
128 128
129 129
130 130
131 131
132 132
133 133
134 134
135 135
136 136
137 137
138 138
139 139
140 140
141 141
142 142
143 143
144 144
145 145
146 146
147 147
148 148
149 149
150 150
151 151
152 152
153 153
154 154
155 155
156 156
157 157
158 158
159 159
160 160
161 161
162 162
163 163
164 164
165 165
166 166
167 167
168 168
169 169
170 170
171 171
172 172
173 173
174 174
175 175
176 176
177 177
178 178
179 179
180 180
181 181
182 182
183 183
184 184
185 185
186 186
187 187
188 188
189 189
190 190
191 191
192 192
193 193
194 194
195 195
196 196
197 197
198 198
199 199
200 200
201 201
202 202
203 203
204 204
205 205
206 206
207 207
208 208
209 209
210 210
211 211
212 212
213 213
214 214
215 215
216 216
217 217
218 218
219 219
220 220
221 221
222 222
223 223
224 224
225 225
226 226
227 227
228 228
229 229
230 230
231 231
232 232
233 233
234 234
235 235
236 236
237 237
238 238
239 239
240 240
241 241
242 242
243 243
244 244
245 245
246 246
247 247
248 248
249 249
250 250
251 251
252 252
253 253
254 254
255 255
256 256
257 257
258 258
259 259
260 260
261 261
262 262
263 263
264 264
265 265
266 266
267 267
268 268
269 269
270 270
271 271
272 272
273 273
274 274
275 275
276 276
277 277
278 278
279 279
280 280
281 281
282 282
283 283
284 284
285 285
286 286
287 287
288 288
289 289
290 290
291 291
292 292
293 293
294 294
295 295
296 296
297 297
298 298
299 299
300 300
301 301
302 302
303 303
304 304
305 305
306 306
307 307
308 308
309 309
310 310
311 311
312 312
313 313
314 314
315 315
316 316
317 317
318 318
319 319
320 320
321 321
322 322
323 323
324 324
325 325
326 326
327 327
328 328
329 329
330 330
331 331
332 332
333 333
334 334
335 335
336 336
337 337
338 338
339 339
340 340
341 341
342 342
343 343
344 344
345 345
346 346
347 347
348 348
349 349
350 350
351 351
352 352
353 353
354 354
355 355
356 356
357 357
358 358
359 359
360 360
361 361
362 362
PLAQUE-2
362
363 1
364 2
365 3
366 4
367 5
368 6
369 7
370 8
371 9
372 10
373 11
374 12
375 13
376 14
377 15
378 16
379 17
380 18
381 19
382 20
383 21
384 22
385 23
386 24
387 25
388 26
389 27
390 28
391 29
392 30
393 31
394 32
395 33
396 34
397 35
398 36
399 37
400 38
401 39
402 40
403 41
404 42
405 43
406 44
407 45
408 46
409 47
410 48
411 49
412 50
413 51
414 52
415 53
416 54
417 55
418 56
419 57
420 58
421 59
422 60
423 61
424 62
425 63
426 64
427 65
428 66
429 67
430 68
431 69
432 70
433 71
434 72
435 73
436 74
437 75
438 76
439 77
440 78
441 79
442 80
443 81
444 82
445 83
446 84
447 85
448 86
449 87
450 88
451 89
452 90
453 91
454 92
455 93
456 94
457 95
458 96
459 97
460 98
461 99
462 100
463 101
464 102
465 103
466 104
467 105
468 106
469 107
470 108
471 109
472 110
473 111
474 112
475 113
476 114
477 115
478 116
479 117
480 118
481 119
482 120
483 121
484 122
485 123
486 124
487 125
488 126
489 127
490 128
491 129
492 130
493 131
494 132
495 133
496 134
497 135
498 136
499 137
500 138
501 139
502 140
503 141
504 142
505 143
506 144
507 145
508 146
509 147
510 148
511 149
512 150
513 151
514 152
515 153
516 154
517 155
518 156
519 157
520 158
521 159
522 160
523 161
524 162
525 163
526 164
527 165
528 166
529 167
530 168
531 169
532 170
533 171
534 172
535 173
536 174
537 175
538 176
539 177
540 178
541 179
542 180
543 181
544 182
545 183
546 184
547 185
548 186
549 187
550 188
551 189
552 190
553 191
554 192
555 193
556 194
557 195
558 196
559 197
560 198
561 199
562 200
563 201
564 202
565 203
566 204
567 205
568 206
569 207
570 208
571 209
572 210
573 211
574 212
575 213
576 214
577 215
578 216
579 217
580 218
581 219
582 220
583 221
584 222
585 223
586 224
587 225
588 226
589 227
590 228
591 229
592 230
593 231
594 232
595 233
596 234
597 235
598 236
599 237
600 238
601 239
602 240
603 241
604 242
605 243
606 244
607 245
608 246
609 247
610 248
611 249
612 250
613 251
614 252
615 253
616 254
617 255
618 256
619 257
620 258
621 259
622 260
623 261
624 262
625 263
626 264
627 265
628 266
629 267
630 268
631 269
632 270
633 271
634 272
635 273
636 274
637 275
638 276
639 277
640 278
641 279
642 280
643 281
644 282
645 283
646 284
647 285
648 286
649 287
650 288
651 289
652 290
653 291
654 292
655 293
656 294
657 295
658 296
659 297
660 298
661 299
662 300
663 301
664 302
665 303
666 304
667 305
668 306
669 307
670 308
671 309
672 310
673 311
674 312
675 313
676 314
677 315
678 316
679 317
680 318
681 319
682 320
683 321
684 322
685 323
686 324
687 325
688 326
689 327
690 328
691 329
692 330
693 331
694 332
695 333
696 334
697 335
698 336
699 337
700 338
701 339
702 340
703 341
704 342
705 343
706 344
707 345
708 346
709 347
710 348
711 349
712 350
713 351
714 352
715 353
716 354
717 355
718 356
719 357
720 358
721 359
722 360
723 361
724 362
1 363
2 364
3 365
4 366
5 367
6 368
7 369
8 370
9 371
10 372
11 373
12 374
13 375
14 376
15 377
16 378
17 379
18 380
19 381
20 382
21 383
22 384
23 385
24 386
25 387
26 388
27 389
28 390
29 391
30 392
31 393
32 394
33 395
34 396
35 397
36 398
37 399
38 400
39 401
40 402
41 403
42 404
43 405
44 406
45 407
46 408
47 409
48 410
49 411
50 412
51 413
52 414
53 415
54 416
55 417
56 418
57 419
58 420
59 421
60 422
61 423
62 424
63 425
64 426
65 427
66 428
67 429
68 430
69 431
70 432
71 433
72 434
73 435
74 436
75 437
76 438
77 439
78 440
79 441
80 442
81 443
82 444
83 445
84 446
85 447
86 448
87 449
88 450
89 451
90 452
91 453
92 454
93 455
94 456
95 457
96 458
97 459
98 460
99 461
100 462
101 463
102 464
103 465
104 466
105 467
106 468
107 469
108 470
109 471
110 472
111 473
112 474
113 475
114 476
115 477
116 478
117 479
118 480
119 481
120 482
121 483
122 484
123 485
124 486
125 487
126 488
127 489
128 490
129 491
130 492
131 493
132 494
133 495
134 496
135 497
136 498
137 499
138 500
139 501
140 502
141 503
142 504
143 505
144 506
145 507
146 508
147 509
148 510
149 511
150 512
151 513
152 514
153 515
154 516
155 517
156 518
157 519
158 520
159 521
160 522
161 523
162 524
163 525
164 526
165 527
166 528
167 529
168 530
169 531
170 532
171 533
172 534
173 535
174 536
175 537
176 538
177 539
178 540
179 541
180 542
181 543
182 544
183 545
184 546
185 547
186 548
187 549
188 550
189 551
190 552
191 553
192 554
193 555
194 556
195 557
196 558
197 559
198 560
199 561
200 562
201 563
202 564
203 565
204 566
205 567
206 568
207 569
208 570
209 571
210 572
211 573
212 574
213 575
214 576
215 577
216 578
217 579
218 580
219 581
220 582
221 583
222 584
223 585
224 586
225 587
226 588
227 589
228 590
229 591
230 592
231 593
232 594
233 595
234 596
235 597
236 598
237 599
238 600
239 601
240 602
241 603
242 604
243 605
244 606
245 607
246 608
247 609
248 610
249 611
250 612
251 613
252 614
253 615
254 616
255 617
256 618
257 619
258 620
259 621
260 622
261 623
262 624
263 625
264 626
265 627
266 628
267 629
268 630
269 631
270 632
271 633
272 634
273 635
274 636
275 637
276 638
277 639
278 640
279 641
280 642
281 643
282 644
283 645
284 646
285 647
286 648
287 649
288 650
289 651
290 652
291 653
292 654
293 655
294 656
295 657
296 658
297 659
298 660
299 661
300 662
301 663
302 664
303 665
304 666
305 667
306 668
307 669
308 670
309 671
310 672
311 673
312 674
313 675
314 676
315 677
316 678
317 679
318 680
319 681
320 682
321 683
322 684
323 685
324 686
325 687
326 688
327 689
328 690
329 691
330 692
331 693
332 694
333 695
334 696
335 697
336 698
337 699
338 700
339 701
340 702
341 703
342 704
343 705
344 706
345 707
346 708
347 709
348 710
349 711
350 712
351 713
352 714
353 715
354 716
355 717
356 718
357 719
358 720
359 721
360 722
361 723
362 724
POT1-1
632
725 1
726 2
727 3
728 4
729 5
730 6
731 7
732 8
733 9
734 10
735 11
736 12
737 13
738 14
739 15
740 16
741 17
742 18
743 19
744 20
745 21
746 22
747 23
748 24
749 25
750 26
751 27
752 28
753 29
754 30
755 31
756 32
757 33
758 34
759 35
760 36
761 37
762 38
763 39
764 40
765 41
766 42
767 43
768 44
769 45
770 46
771 47
772 48
773 49
774 50
775 51
776 52
777 53
778 54
779 55
780 56
781 57
782 58
783 59
784 60
785 61
786 62
787 63
788 64
789 65
790 66
791 67
792 68
793 69
794 70
795 71
796 72
797 73
798 74
799 75
800 76
801 77
802 78
803 79
804 80
805 81
806 82
807 83
808 84
809 85
810 86
811 87
812 88
813 89
814 90
815 91
816 92
817 93
818 94
819 95
820 96
821 97
822 98
823 99
824 100
825 101
826 102
827 103
828 104
829 105
830 106
831 107
832 108
833 109
834 110
835 111
836 112
837 113
838 114
839 115
840 116
841 117
842 118
843 119
844 120
845 121
846 122
847 123
848 124
849 125
850 126
851 127
852 128
853 129
854 130
855 131
856 132
857 133
858 134
859 135
860 136
861 137
862 138
863 139
864 140
865 141
866 142
867 143
868 144
869 145
870 146
871 147
872 148
873 149
874 150
875 151
876 152
877 153
878 154
879 155
880 156
881 157
882 158
883 159
884 160
885 161
886 162
887 163
888 164
889 165
890 166
891 167
892 168
893 169
894 170
895 171
896 172
897 173
898 174
899 175
900 176
901 177
902 178
903 179
904 180
905 181
906 182
907 183
908 184
909 185
910 186
911 187
912 188
913 189
914 190
915 191
916 192
917 193
918 194
919 195
920 196
921 197
922 198
923 199
924 200
925 201
926 202
927 203
928 204
929 205
930 206
931 207
932 208
933 209
934 210
935 211
936 212
937 213
938 214
939 215
940 216
941 217
942 218
943 219
944 220
945 221
946 222
947 223
948 224
949 225
950 226
951 227
952 228
953 229
954 230
955 231
956 232
957 233
958 234
959 235
960 236
961 237
962 238
963 239
964 240
965 241
966 242
967 243
968 244
969 245
970 246
971 247
972 248
973 249
974 250
975 251
976 252
977 253
978 254
979 255
980 256
981 257
982 258
983 259
984 260
985 261
986 262
987 263
988 264
989 265
990 266
991 267
992 268
993 269
994 270
995 271
996 272
997 273
998 274
999 275
1000 276
1001 277
1002 278
1003 279
1004 280
1005 281
1006 282
1007 283
1008 284
1009 285
1010 286
1011 287
1012 288
1013 289
1014 290
1015 291
1016 292
1017 293
1018 294
1019 295
1020 296
1021 297
1022 298
1023 299
1024 300
1025 301
1026 302
1027 303
1028 304
1029 305
1030 306
1031 307
1032 308
1033 309
1034 310
1035 311
1036 312
1037 313
1038 314
1039 315
1040 316
1041 317
1042 318
1043 319
1044 320
1045 321
1046 322
1047 323
1048 324
1049 325
1050 326
1051 327
1052 328
1053 329
1054 330
1055 331
1056 332
1057 333
1058 334
1059 335
1060 336
1061 337
1062 338
1063 339
1064 340
1065 341
1066 342
1067 343
1068 344
1069 345
1070 346
1071 347
1072 348
1073 349
1074 350
1075 351
1076 352
1077 353
1078 354
1079 355
1080 356
1081 357
1082 358
1083 359
1084 360
1085 361
1086 362
1087 363
1088 364
1089 365
1090 366
1091 367
1092 368
1093 369
1094 370
1095 371
1096 372
1097 373
1098 374
1099 375
1100 376
1101 377
1102 378
1103 379
1104 380
1105 381
1106 382
1107 383
1108 384
1109 385
1110 386
1111 387
1112 388
1113 389
1114 390
1115 391
1116 392
1117 393
1118 394
1119 395
1120 396
1121 397
1122 398
1123 399
1124 400
1125 401
1126 402
1127 403
1128 404
1129 405
1130 406
1131 407
1132 408
1133 409
1134 410
1135 411
1136 412
1137 413
1138 414
1139 415
1140 416
1141 417
1142 418
1143 419
1144 420
1145 421
1146 422
1147 423
1148 424
1149 425
1150 426
1151 427
1152 428
1153 429
1154 430
1155 431
1156 432
1157 433
1158 434
1159 435
1160 436
1161 437
1162 438
1163 439
1164 440
1165 441
1166 442
1167 443
1168 444
1169 445
1170 446
1171 447
1172 448
1173 449
1174 450
1175 451
1176 452
1177 453
1178 454
1179 455
1180 456
1181 457
1182 458
1183 459
1184 460
1185 461
1186 462
1187 463
1188 464
1189 465
1190 466
1191 467
1192 468
1193 469
1194 470
1195 471
1196 472
1197 473
1198 474
1199 475
1200 476
1201 477
1202 478
1203 479
1204 480
1205 481
1206 482
1207 483
1208 484
1209 485
1210 486
1211 487
1212 488
1213 489
1214 490
1215 491
1216 492
1217 493
1218 494
1219 495
1220 496
1221 497
1222 498
1223 499
1224 500
1225 501
1226 502
1227 503
1228 504
1229 505
1230 506
1231 507
1232 508
1233 509
1234 510
1235 511
1236 512
1237 513
1238 514
1239 515
1240 516
1241 517
1242 518
1243 519
1244 520
1245 521
1246 522
1247 523
1248 524
1249 525
1250 526
1251 527
1252 528
1253 529
1254 530
1255 531
1256 532
1257 533
1258 534
1259 535
1260 536
1261 537
1262 538
1263 539
1264 540
1265 541
1266 542
1267 543
1268 544
1269 545
1270 546
1271 547
1272 548
1273 549
1274 550
1275 551
1276 552
1277 553
1278 554
1279 555
1280 556
1281 557
1282 558
1283 559
1284 560
1285 561
1286 562
1287 563
1288 564
1289 565
1290 566
1291 567
1292 568
1293 569
1294 570
1295 571
1296 572
1297 573
1298 574
1299 575
1300 576
1301 577
1302 578
1303 579
1304 580
1305 581
1306 582
1307 583
1308 584
1309 585
1310 586
1311 587
1312 588
1313 589
1314 590
1315 591
1316 592
1317 593
1318 594
1319 595
1320 596
1321 597
1322 598
1323 599
1324 600
1325 601
1326 602
1327 603
1328 604
1329 605
1330 606
1331 607
1332 608
1333 609
1334 610
1335 611
1336 612
1337 613
1338 614
1339 615
1340 616
1341 617
1342 618
1343 619
1344 620
1345 621
1346 622
1347 623
1348 624
1349 625
1350 626
1351 627
1352 628
1353 629
1354 630
1355 631
1356 632
1 725
2 726
3 727
4 728
5 729
6 730
7 731
8 732
9 733
10 734
11 735
12 736
13 737
14 738
15 739
16 740
17 741
18 742
19 743
20 744
21 745
22 746
23 747
24 748
25 749
26 750
27 751
28 752
29 753
30 754
31 755
32 756
33 757
34 758
35 759
36 760
37 761
38 762
39 763
40 764
41 765
42 766
43 767
44 768
45 769
46 770
47 771
48 772
49 773
50 774
51 775
52 776
53 777
54 778
55 779
56 780
57 781
58 782
59 783
60 784
61 785
62 786
63 787
64 788
65 789
66 790
67 791
68 792
69 793
70 794
71 795
72 796
73 797
74 798
75 799
76 800
77 801
78 802
79 803
80 804
81 805
82 806
83 807
84 808
85 809
86 810
87 811
88 812
89 813
90 814
91 815
92 816
93 817
94 818
95 819
96 820
97 821
98 822
99 823
100 824
101 825
102 826
103 827
104 828
105 829
106 830
107 831
108 832
109 833
110 834
111 835
112 836
113 837
114 838
115 839
116 840
117 841
118 842
119 843
120 844
121 845
122 846
123 847
124 848
125 849
126 850
127 851
128 852
129 853
130 854
131 855
132 856
133 857
134 858
135 859
136 860
137 861
138 862
139 863
140 864
141 865
142 866
143 867
144 868
145 869
146 870
147 871
148 872
149 873
150 874
151 875
152 876
153 877
154 878
155 879
156 880
157 881
158 882
159 883
160 884
161 885
162 886
163 887
164 888
165 889
166 890
167 891
168 892
169 893
170 894
171 895
172 896
173 897
174 898
175 899
176 900
177 901
178 902
179 903
180 904
181 905
182 906
183 907
184 908
185 909
186 910
187 911
188 912
189 913
190 914
191 915
192 916
193 917
194 918
195 919
196 920
197 921
198 922
199 923
200 924
201 925
202 926
203 927
204 928
205 929
206 930
207 931
208 932
209 933
210 934
211 935
212 936
213 937
214 938
215 939
216 940
217 941
218 942
219 943
220 944
221 945
222 946
223 947
224 948
225 949
226 950
227 951
228 952
229 953
230 954
231 955
232 956
233 957
234 958
235 959
236 960
237 961
238 962
239 963
240 964
241 965
242 966
243 967
244 968
245 969
246 970
247 971
248 972
249 973
250 974
251 975
252 976
253 977
254 978
255 979
256 980
257 981
258 982
259 983
260 984
261 985
262 986
263 987
264 988
265 989
266 990
267 991
268 992
269 993
270 994
271 995
272 996
273 997
274 998
275 999
276 1000
277 1001
278 1002
279 1003
280 1004
281 1005
282 1006
283 1007
284 1008
285 1009
286 1010
287 1011
288 1012
289 1013
290 1014
291 1015
292 1016
293 1017
294 1018
295 1019
296 1020
297 1021
298 1022
299 1023
300 1024
301 1025
302 1026
303 1027
304 1028
305 1029
306 1030
307 1031
308 1032
309 1033
310 1034
311 1035
312 1036
313 1037
314 1038
315 1039
316 1040
317 1041
318 1042
319 1043
320 1044
321 1045
322 1046
323 1047
324 1048
325 1049
326 1050
327 1051
328 1052
329 1053
330 1054
331 1055
332 1056
333 1057
334 1058
335 1059
336 1060
337 1061
338 1062
339 1063
340 1064
341 1065
342 1066
343 1067
344 1068
345 1069
346 1070
347 1071
348 1072
349 1073
350 1074
351 1075
352 1076
353 1077
354 1078
355 1079
356 1080
357 1081
358 1082
359 1083
360 1084
361 1085
362 1086
363 1087
364 1088
365 1089
366 1090
367 1091
368 1092
369 1093
370 1094
371 1095
372 1096
373 1097
374 1098
375 1099
376 1100
377 1101
378 1102
379 1103
380 1104
381 1105
382 1106
383 1107
384 1108
385 1109
386 1110
387 1111
388 1112
389 1113
390 1114
391 1115
392 1116
393 1117
394 1118
395 1119
396 1120
397 1121
398 1122
399 1123
400 1124
401 1125
402 1126
403 1127
404 1128
405 1129
406 1130
407 1131
408 1132
409 1133
410 1134
411 1135
412 1136
413 1137
414 1138
415 1139
416 1140
417 1141
418 1142
419 1143
420 1144
421 1145
422 1146
423 1147
424 1148
425 1149
426 1150
427 1151
428 1152
429 1153
430 1154
431 1155
432 1156
433 1157
434 1158
435 1159
436 1160
437 1161
438 1162
439 1163
440 1164
441 1165
442 1166
443 1167
444 1168
445 1169
446 1170
447 1171
448 1172
449 1173
450 1174
451 1175
452 1176
453 1177
454 1178
455 1179
456 1180
457 1181
458 1182
459 1183
460 1184
461 1185
462 1186
463 1187
464 1188
465 1189
466 1190
467 1191
468 1192
469 1193
470 1194
471 1195
472 1196
473 1197
474 1198
475 1199
476 1200
477 1201
478 1202
479 1203
480 1204
481 1205
482 1206
483 1207
484 1208
485 1209
486 1210
487 1211
488 1212
489 1213
490 1214
491 1215
492 1216
493 1217
494 1218
495 1219
496 1220
497 1221
498 1222
499 1223
500 1224
501 1225
502 1226
503 1227
504 1228
505 1229
506 1230
507 1231
508 1232
509 1233
510 1234
511 1235
512 1236
513 1237
514 1238
515 1239
516 1240
517 1241
518 1242
519 1243
520 1244
521 1245
522 1246
523 1247
524 1248
525 1249
526 1250
527 1251
528 1252
529 1253
530 1254
531 1255
532 1256
533 1257
534 1258
535 1259
536 1260
537 1261
538 1262
539 1263
540 1264
541 1265
542 1266
543 1267
544 1268
545 1269
546 1270
547 1271
548 1272
549 1273
550 1274
551 1275
552 1276
553 1277
554 1278
555 1279
556 1280
557 1281
558 1282
559 1283
560 1284
561 1285
562 1286
563 1287
564 1288
565 1289
566 1290
567 1291
568 1292
569 1293
570 1294
571 1295
572 1296
573 1297
574 1298
575 1299
576 1300
577 1301
578 1302
579 1303
580 1304
581 1305
582 1306
583 1307
584 1308
585 1309
586 1310
587 1311
588 1312
589 1313
590 1314
591 1315
592 1316
593 1317
594 1318
595 1319
596 1320
597 1321
598 1322
599 1323
600 1324
601 1325
602 1326
603 1327
604 1328
605 1329
606 1330
607 1331
608 1332
609 1333
610 1334
611 1335
612 1336
613 1337
614 1338
615 1339
616 1340
617 1341
618 1342
619 1343
620 1344
621 1345
622 1346
623 1347
624 1348
625 1349
626 1350
627 1351
628 1352
629 1353
630 1354
631 1355
632 1356
0
3
PLAQUE-1
337
1 1
2 2
3 3
4 4
5 5
6 6
7 7
8 8
9 9
10 10
11 11
12 12
13 13
14 14
15 15
16 16
17 17
18 18
19 19
20 20
21 21
22 22
23 23
24 24
25 25
26 26
27 27
28 28
29 29
30 30
31 31
32 32
33 33
34 34
35 35
36 36
37 37
38 38
39 39
40 40
41 41
42 42
43 43
44 44
45 45
46 46
47 47
48 48
49 49
50 50
51 51
52 52
53 53
54 54
55 55
56 56
57 57
58 58
59 59
60 60
61 61
62 62
63 63
64 64
65 65
66 66
67 67
68 68
69 69
70 70
71 71
72 72
73 73
74 74
75 75
76 76
77 77
78 78
79 79
80 80
81 81
82 82
83 83
84 84
85 85
86 86
87 87
88 88
89 89
90 90
91 91
92 92
93 93
94 94
95 95
96 96
97 97
98 98
99 99
100 100
101 101
102 102
103 103
104 104
105 105
106 106
107 107
108 108
109 109
110 110
111 111
112 112
113 113
114 114
115 115
116 116
117 117
118 118
119 119
120 120
121 121
122 122
123 123
124 124
125 125
126 126
127 127
128 128
129 129
130 130
131 131
132 132
133 133
134 134
135 135
136 136
137 137
138 138
139 139
140 140
141 141
142 142
143 143
144 144
145 145
146 146
147 147
148 148
149 149
150 150
151 151
152 152
153 153
154 154
155 155
156 156
157 157
158 158
159 159
160 160
161 161
162 162
163 163
164 164
165 165
166 166
167 167
168 168
169 169
170 170
171 171
172 172
173 173
174 174
175 175
176 176
177 177
178 178
179 179
180 180
181 181
182 182
183 183
184 184
185 185
186 186
187 187
188 188
189 189
190 190
191 191
192 192
193 193
194 194
195 195
196 196
197 197
198 198
199 199
200 200
201 201
202 202
203 203
204 204
205 205
206 206
207 207
208 208
209 209
210 210
211 211
212 212
213 213
214 214
215 215
216 216
217 217
218 218
219 219
220 220
221 221
222 222
223 223
224 224
225 225
226 226
227 227
228 228
229 229
230 230
231 231
232 232
233 233
234 234
235 235
236 236
237 237
238 238
239 239
240 240
241 241
242 242
243 243
244 244
245 245
246 246
247 247
248 248
249 249
250 250
251 251
252 252
253 253
254 254
255 255
256 256
257 257
258 258
259 259
260 260
261 261
262 262
263 263
264 264
265 265
266 266
267 267
268 268
269 269
270 270
271 271
272 272
273 273
274 274
275 275
276 276
277 277
278 278
279 279
280 280
281 281
282 282
283 283
284 284
285 285
286 286
287 287
288 288
289 289
290 290
291 291
292 292
293 293
294 294
295 295
296 296
297 297
298 298
299 299
300 300
301 301
302 302
303 303
304 304
305 305
306 306
307 307
308 308
309 309
310 310
311 311
312 312
313 313
314 314
315 315
316 316
317 317
318 318
319 319
320 320
321 321
322 322
323 323
324 324
325 325
326 326
327 327
328 328
329 329
330 330
331 331
332 332
333 333
334 334
335 335
336 336
337 337
1 1
2 2
3 3
4 4
5 5
6 6
7 7
8 8
9 9
10 10
11 11
12 12
13 13
14 14
15 15
16 16
17 17
18 18
19 19
20 20
21 21
22 22
23 23
24 24
25 25
26 26
27 27
28 28
29 29
30 30
31 31
32 32
33 33
34 34
35 35
36 36
37 37
38 38
39 39
40 40
41 41
42 42
43 43
44 44
45 45
46 46
47 47
48 48
49 49
50 50
51 51
52 52
53 53
54 54
55 55
56 56
57 57
58 58
59 59
60 60
61 61
62 62
63 63
64 64
65 65
66 66
67 67
68 68
69 69
70 70
71 71
72 72
73 73
74 74
75 75
76 76
77 77
78 78
79 79
80 80
81 81
82 82
83 83
84 84
85 85
86 86
87 87
88 88
89 89
90 90
91 91
92 92
93 93
94 94
95 95
96 96
97 97
98 98
99 99
100 100
101 101
102 102
103 103
104 104
105 105
106 106
107 107
108 108
109 109
110 110
111 111
112 112
113 113
114 114
115 115
116 116
117 117
118 118
119 119
120 120
121 121
122 122
123 123
124 124
125 125
126 126
127 127
128 128
129 129
130 130
131 131
132 132
133 133
134 134
135 135
136 136
137 137
138 138
139 139
140 140
141 141
142 142
143 143
144 144
145 145
146 146
147 147
148 148
149 149
150 150
151 151
152 152
153 153
154 154
155 155
156 156
157 157
158 158
159 159
160 160
161 161
162 162
163 163
164 164
165 165
166 166
167 167
168 168
169 169
170 170
171 171
172 172
173 173
174 174
175 175
176 176
177 177
178 178
179 179
180 180
181 181
182 182
183 183
184 184
185 185
186 186
187 187
188 188
189 189
190 190
191 191
192 192
193 193
194 194
195 195
196 196
197 197
198 198
199 199
200 200
201 201
202 202
203 203
204 204
205 205
206 206
207 207
208 208
209 209
210 210
211 211
212 212
213 213
214 214
215 215
216 216
217 217
218 218
219 219
220 220
221 221
222 222
223 223
224 224
225 225
226 226
227 227
228 228
229 229
230 230
231 231
232 232
233 233
234 234
235 235
236 236
237 237
238 238
239 239
240 240
241 241
242 242
243 243
244 244
245 245
246 246
247 247
248 248
249 249
250 250
251 251
252 252
253 253
254 254
255 255
256 256
257 257
258 258
259 259
260 260
261 261
262 262
263 263
264 264
265 265
266 266
267 267
268 268
269 269
270 270
271 271
272 272
273 273
274 274
275 275
276 276
277 277
278 278
279 279
280 280
281 281
282 282
283 283
284 284
285 285
286 286
287 287
288 288
289 289
290 290
291 291
292 292
293 293
294 294
295 295
296 296
297 297
298 298
299 299
300 300
301 301
302 302
303 303
304 304
305 305
306 306
307 307
308 308
309 309
310 310
311 311
312 312
313 313
314 314
315 315
316 316
317 317
318 318
319 319
320 320
321 321
322 322
323 323
324 324
325 325
326 326
327 327
328 328
329 329
330 330
331 331
332 332
333 333
334 334
335 335
336 336
337 337
PLAQUE-2
337
338 1
339 2
340 3
341 4
342 5
343 6
344 7
345 8
346 9
347 10
348 11
349 12
350 13
351 14
352 15
353 16
354 17
355 18
356 19
357 20
358 21
359 22
360 23
361 24
362 25
363 26
364 27
365 28
366 29
367 30
368 31
369 32
370 33
371 34
372 35
373 36
374 37
375 38
376 39
377 40
378 41
379 42
380 43
381 44
382 45
383 46
384 47
385 48
386 49
387 50
388 51
389 52
390 53
391 54
392 55
393 56
394 57
395 58
396 59
397 60
398 61
399 62
400 63
401 64
402 65
403 66
404 67
405 68
406 69
407 70
408 71
409 72
410 73
411 74
412 75
413 76
414 77
415 78
416 79
417 80
418 81
419 82
420 83
421 84
422 85
423 86
424 87
425 88
426 89
427 90
428 91
429 92
430 93
431 94
432 95
433 96
434 97
435 98
436 99
437 100
438 101
439 102
440 103
441 104
442 105
443 106
444 107
445 108
446 109
447 110
448 111
449 112
450 113
451 114
452 115
453 116
454 117
455 118
456 119
457 120
458 121
459 122
460 123
461 124
462 125
463 126
464 127
465 128
466 129
467 130
468 131
469 132
470 133
471 134
472 135
473 136
474 137
475 138
476 139
477 140
478 141
479 142
480 143
481 144
482 145
483 146
484 147
485 148
486 149
487 150
488 151
489 152
490 153
491 154
492 155
493 156
494 157
495 158
496 159
497 160
498 161
499 162
500 163
501 164
502 165
503 166
504 167
505 168
506 169
507 170
508 171
509 172
510 173
511 174
512 175
513 176
514 177
515 178
516 179
517 180
518 181
519 182
520 183
521 184
522 185
523 186
524 187
525 188
526 189
527 190
528 191
529 192
530 193
531 194
532 195
533 196
534 197
535 198
536 199
537 200
538 201
539 202
540 203
541 204
542 205
543 206
544 207
545 208
546 209
547 210
548 211
549 212
550 213
551 214
552 215
553 216
554 217
555 218
556 219
557 220
558 221
559 222
560 223
561 224
562 225
563 226
564 227
565 228
566 229
567 230
568 231
569 232
570 233
571 234
572 235
573 236
574 237
575 238
576 239
577 240
578 241
579 242
580 243
581 244
582 245
583 246
584 247
585 248
586 249
587 250
588 251
589 252
590 253
591 254
592 255
593 256
594 257
595 258
596 259
597 260
598 261
599 262
600 263
601 264
602 265
603 266
604 267
605 268
606 269
607 270
608 271
609 272
610 273
611 274
612 275
613 276
614 277
615 278
616 279
617 280
618 281
619 282
620 283
621 284
622 285
623 286
624 287
625 288
626 289
627 290
628 291
629 292
630 293
631 294
632 295
633 296
634 297
635 298
636 299
637 300
638 301
639 302
640 303
641 304
642 305
643 306
644 307
645 308
646 309
647 310
648 311
649 312
650 313
651 314
652 315
653 316
654 317
655 318
656 319
657 320
658 321
659 322
660 323
661 324
662 325
663 326
664 327
665 328
666 329
667 330
668 331
669 332
670 333
671 334
672 335
673 336
674 337
1 338
2 339
3 340
4 341
5 342
6 343
7 344
8 345
9 346
10 347
11 348
12 349
13 350
14 351
15 352
16 353
17 354
18 355
19 356
20 357
21 358
22 359
23 360
24 361
25 362
26 363
27 364
28 365
29 366
30 367
31 368
32 369
33 370
34 371
35 372
36 373
37 374
38 375
39 376
40 377
41 378
42 379
43 380
44 381
45 382
46 383
47 384
48 385
49 386
50 387
51 388
52 389
53 390
54 391
55 392
56 393
57 394
58 395
59 396
60 397
61 398
62 399
63 400
64 401
65 402
66 403
67 404
68 405
69 406
70 407
71 408
72 409
73 410
74 411
75 412
76 413
77 414
78 415
79 416
80 417
81 418
82 419
83 420
84 421
85 422
86 423
87 424
88 425
89 426
90 427
91 428
92 429
93 430
94 431
95 432
96 433
97 434
98 435
99 436
100 437
101 438
102 439
103 440
104 441
105 442
106 443
107 444
108 445
109 446
110 447
111 448
112 449
113 450
114 451
115 452
116 453
117 454
118 455
119 456
120 457
121 458
122 459
123 460
124 461
125 462
126 463
127 464
128 465
129 466
130 467
131 468
132 469
133 470
134 471
135 472
136 473
137 474
138 475
139 476
140 477
141 478
142 479
143 480
144 481
145 482
146 483
147 484
148 485
149 486
150 487
151 488
152 489
153 490
154 491
155 492
156 493
157 494
158 495
159 496
160 497
161 498
162 499
163 500
164 501
165 502
166 503
167 504
168 505
169 506
170 507
171 508
172 509
173 510
174 511
175 512
176 513
177 514
178 515
179 516
180 517
181 518
182 519
183 520
184 521
185 522
186 523
187 524
188 525
189 526
190 527
191 528
192 529
193 530
194 531
195 532
196 533
197 534
198 535
199 536
200 537
201 538
202 539
203 540
204 541
205 542
206 543
207 544
208 545
209 546
210 547
211 548
212 549
213 550
214 551
215 552
216 553
217 554
218 555
219 556
220 557
221 558
222 559
223 560
224 561
225 562
226 563
227 564
228 565
229 566
230 567
231 568
232 569
233 570
234 571
235 572
236 573
237 574
238 575
239 576
240 577
241 578
242 579
243 580
244 581
245 582
246 583
247 584
248 585
249 586
250 587
251 588
252 589
253 590
254 591
255 592
256 593
257 594
258 595
259 596
260 597
261 598
262 599
263 600
264 601
265 602
266 603
267 604
268 605
269 606
270 607
271 608
272 609
273 610
274 611
275 612
276 613
277 614
278 615
279 616
280 617
281 618
282 619
283 620
284 621
285 622
286 623
287 624
288 625
289 626
290 627
291 628
292 629
293 630
294 631
295 632
296 633
297 634
298 635
299 636
300 637
301 638
302 639
303 640
304 641
305 642
306 643
307 644
308 645
309 646
310 647
311 648
312 649
313 650
314 651
315 652
316 653
317 654
318 655
319 656
320 657
321 658
322 659
323 660
324 661
325 662
326 663
327 664
328 665
329 666
330 667
331 668
332 669
333 670
334 671
335 672
336 673
337 674
POT1-1
620
675 1
676 2
677 3
678 4
679 5
680 6
681 7
682 8
683 9
684 10
685 11
686 12
687 13
688 14
689 15
690 16
691 17
692 18
693 19
694 20
695 21
696 22
697 23
698 24
699 25
700 26
701 27
702 28
703 29
704 30
705 31
706 32
707 33
708 34
709 35
710 36
711 37
712 38
713 39
714 40
715 41
716 42
717 43
718 44
719 45
720 46
721 47
722 48
723 49
724 50
725 51
726 52
727 53
728 54
729 55
730 56
731 57
732 58
733 59
734 60
735 61
736 62
737 63
738 64
739 65
740 66
741 67
742 68
743 69
744 70
745 71
746 72
747 73
748 74
749 75
750 76
751 77
752 78
753 79
754 80
755 81
756 82
757 83
758 84
759 85
760 86
761 87
762 88
763 89
764 90
765 91
766 92
767 93
768 94
769 95
770 96
771 97
772 98
773 99
774 100
775 101
776 102
777 103
778 104
779 105
780 106
781 107
782 108
783 109
784 110
785 111
786 112
787 113
788 114
789 115
790 116
791 117
792 118
793 119
794 120
795 121
796 122
797 123
798 124
799 125
800 126
801 127
802 128
803 129
804 130
805 131
806 132
807 133
808 134
809 135
810 136
811 137
812 138
813 139
814 140
815 141
816 142
817 143
818 144
819 145
820 146
821 147
822 148
823 149
824 150
825 151
826 152
827 153
828 154
829 155
830 156
831 157
832 158
833 159
834 160
835 161
836 162
837 163
838 164
839 165
840 166
841 167
842 168
843 169
844 170
845 171
846 172
847 173
848 174
849 175
850 176
851 177
852 178
853 179
854 180
855 181
856 182
857 183
858 184
859 185
860 186
861 187
862 188
863 189
864 190
865 191
866 192
867 193
868 194
869 195
870 196
871 197
872 198
873 199
874 200
875 201
876 202
877 203
878 204
879 205
880 206
881 207
882 208
883 209
884 210
885 211
886 212
887 213
888 214
889 215
890 216
891 217
892 218
893 219
894 220
895 221
896 222
897 223
898 224
899 225
900 226
901 227
902 228
903 229
904 230
905 231
906 232
907 233
908 234
909 235
910 236
911 237
912 238
913 239
914 240
915 241
916 242
917 243
918 244
919 245
920 246
921 247
922 248
923 249
924 250
925 251
926 252
927 253
928 254
929 255
930 256
931 257
932 258
933 259
934 260
935 261
936 262
937 263
938 264
939 265
940 266
941 267
942 268
943 269
944 270
945 271
946 272
947 273
948 274
949 275
950 276
951 277
952 278
953 279
954 280
955 281
956 282
957 283
958 284
959 285
960 286
961 287
962 288
963 289
964 290
965 291
966 292
967 293
968 294
969 295
970 296
971 297
972 298
973 299
974 300
975 301
976 302
977 303
978 304
979 305
980 306
981 307
982 308
983 309
984 310
985 311
986 312
987 313
988 314
989 315
990 316
991 317
992 318
993 319
994 320
995 321
996 322
997 323
998 324
999 325
1000 326
1001 327
1002 328
1003 329
1004 330
1005 331
1006 332
1007 333
1008 334
1009 335
1010 336
1011 337
1012 338
1013 339
1014 340
1015 341
1016 342
1017 343
1018 344
1019 345
1020 346
1021 347
1022 348
1023 349
1024 350
1025 351
1026 352
1027 353
1028 354
1029 355
1030 356
1031 357
1032 358
1033 359
1034 360
1035 361
1036 362
1037 363
1038 364
1039 365
1040 366
1041 367
1042 368
1043 369
1044 370
1045 371
1046 372
1047 373
1048 374
1049 375
1050 376
1051 377
1052 378
1053 379
1054 380
1055 381
1056 382
1057 383
1058 384
1059 385
1060 386
1061 387
1062 388
1063 389
1064 390
1065 391
1066 392
1067 393
1068 394
1069 395
1070 396
1071 397
1072 398
1073 399
1074 400
1075 401
1076 402
1077 403
1078 404
1079 405
1080 406
1081 407
1082 408
1083 409
1084 410
1085 411
1086 412
1087 413
1088 414
1089 415
1090 416
1091 417
1092 418
1093 419
1094 420
1095 421
1096 422
1097 423
1098 424
1099 425
1100 426
1101 427
1102 428
1103 429
1104 430
1105 431
1106 432
1107 433
1108 434
1109 435
1110 436
1111 437
1112 438
1113 439
1114 440
1115 441
1116 442
1117 443
1118 444
1119 445
1120 446
1121 447
1122 448
1123 449
1124 450
1125 451
1126 452
1127 453
1128 454
1129 455
1130 456
1131 457
1132 458
1133 459
1134 460
1135 461
1136 462
1137 463
1138 464
1139 465
1140 466
1141 467
1142 468
1143 469
1144 470
1145 471
1146 472
1147 473
1148 474
1149 475
1150 476
1151 477
1152 478
1153 479
1154 480
1155 481
1156 482
1157 483
1158 484
1159 485
1160 486
1161 487
1162 488
1163 489
1164 490
1165 491
1166 492
1167 493
1168 494
1169 495
1170 496
1171 497
1172 498
1173 499
1174 500
1175 501
1176 502
1177 503
1178 504
1179 505
1180 506
1181 507
1182 508
1183 509
1184 510
1185 511
1186 512
1187 513
1188 514
1189 515
1190 516
1191 517
1192 518
1193 519
1194 520
1195 521
1196 522
1197 523
1198 524
1199 525
1200 526
1201 527
1202 528
1203 529
1204 530
1205 531
1206 532
1207 533
1208 534
1209 535
1210 536
1211 537
1212 538
1213 539
1214 540
1215 541
1216 542
1217 543
1218 544
1219 545
1220 546
1221 547
1222 548
1223 549
1224 550
1225 551
1226 552
1227 553
1228 554
1229 555
1230 556
1231 557
1232 558
1233 559
1234 560
1235 561
1236 562
1237 563
1238 564
1239 565
1240 566
1241 567
1242 568
1243 569
1244 570
1245 571
1246 572
1247 573
1248 574
1249 575
1250 576
1251 577
1252 578
1253 579
1254 580
1255 581
1256 582
1257 583
1258 584
1259 585
1260 586
1261 587
1262 588
1263 589
1264 590
1265 591
1266 592
1267 593
1268 594
1269 595
1270 596
1271 597
1272 598
1273 599
1274 600
1275 601
1276 602
1277 603
1278 604
1279 605
1280 606
1281 607
1282 608
1283 609
1284 610
1285 611
1286 612
1287 613
1288 614
1289 615
1290 616
1291 617
1292 618
1293 619
1294 620
1 675
2 676
3 677
4 678
5 679
6 680
7 681
8 682
9 683
10 684
11 685
12 686
13 687
14 688
15 689
16 690
17 691
18 692
19 693
20 694
21 695
22 696
23 697
24 698
25 699
26 700
27 701
28 702
29 703
30 704
31 705
32 706
33 707
34 708
35 709
36 710
37 711
38 712
39 713
40 714
41 715
42 716
43 717
44 718
45 719
46 720
47 721
48 722
49 723
50 724
51 725
52 726
53 727
54 728
55 729
56 730
57 731
58 732
59 733
60 734
61 735
62 736
63 737
64 738
65 739
66 740
67 741
68 742
69 743
70 744
71 745
72 746
73 747
74 748
75 749
76 750
77 751
78 752
79 753
80 754
81 755
82 756
83 757
84 758
85 759
86 760
87 761
88 762
89 763
90 764
91 765
92 766
93 767
94 768
95 769
96 770
97 771
98 772
99 773
100 774
101 775
102 776
103 777
104 778
105 779
106 780
107 781
108 782
109 783
110 784
111 785
112 786
113 787
114 788
115 789
116 790
117 791
118 792
119 793
120 794
121 795
122 796
123 797
124 798
125 799
126 800
127 801
128 802
129 803
130 804
131 805
132 806
133 807
134 808
135 809
136 810
137 811
138 812
139 813
140 814
141 815
142 816
143 817
144 818
145 819
146 820
147 821
148 822
149 823
150 824
151 825
152 826
153 827
154 828
155 829
156 830
157 831
158 832
159 833
160 834
161 835
162 836
163 837
164 838
165 839
166 840
167 841
168 842
169 843
170 844
171 845
172 846
173 847
174 848
175 849
176 850
177 851
178 852
179 853
180 854
181 855
182 856
183 857
184 858
185 859
186 860
187 861
188 862
189 863
190 864
191 865
192 866
193 867
194 868
195 869
196 870
197 871
198 872
199 873
200 874
201 875
202 876
203 877
204 878
205 879
206 880
207 881
208 882
209 883
210 884
211 885
212 886
213 887
214 888
215 889
216 890
217 891
218 892
219 893
220 894
221 895
222 896
223 897
224 898
225 899
226 900
227 901
228 902
229 903
230 904
231 905
232 906
233 907
234 908
235 909
236 910
237 911
238 912
239 913
240 914
241 915
242 916
243 917
244 918
245 919
246 920
247 921
248 922
249 923
250 924
251 925
252 926
253 927
254 928
255 929
256 930
257 931
258 932
259 933
260 934
261 935
262 936
263 937
264 938
265 939
266 940
267 941
268 942
269 943
270 944
271 945
272 946
273 947
274 948
275 949
276 950
277 951
278 952
279 953
280 954
281 955
282 956
283 957
284 958
285 959
286 960
287 961
288 962
289 963
290 964
291 965
292 966
293 967
294 968
295 969
296 970
297 971
298 972
299 973
300 974
301 975
302 976
303 977
304 978
305 979
306 980
307 981
308 982
309 983
310 984
311 985
312 986
313 987
314 988
315 989
316 990
317 991
318 992
319 993
320 994
321 995
322 996
323 997
324 998
325 999
326 1000
327 1001
328 1002
329 1003
330 1004
331 1005
332 1006
333 1007
334 1008
335 1009
336 1010
337 1011
338 1012
339 1013
340 1014
341 1015
342 1016
343 1017
344 1018
345 1019
346 1020
347 1021
348 1022
349 1023
350 1024
351 1025
352 1026
353 1027
354 1028
355 1029
356 1030
357 1031
358 1032
359 1033
360 1034
361 1035
362 1036
363 1037
364 1038
365 1039
366 1040
367 1041
368 1042
369 1043
370 1044
371 1045
372 1046
373 1047
374 1048
375 1049
376 1050
377 1051
378 1052
379 1053
380 1054
381 1055
382 1056
383 1057
384 1058
385 1059
386 1060
387 1061
388 1062
389 1063
390 1064
391 1065
392 1066
393 1067
394 1068
395 1069
396 1070
397 1071
398 1072
399 1073
400 1074
401 1075
402 1076
403 1077
404 1078
405 1079
406 1080
407 1081
408 1082
409 1083
410 1084
411 1085
412 1086
413 1087
414 1088
415 1089
416 1090
417 1091
418 1092
419 1093
420 1094
421 1095
422 1096
423 1097
424 1098
425 1099
426 1100
427 1101
428 1102
429 1103
430 1104
431 1105
432 1106
433 1107
434 1108
435 1109
436 1110
437 1111
438 1112
439 1113
440 1114
441 1115
442 1116
443 1117
444 1118
445 1119
446 1120
447 1121
448 1122
449 1123
450 1124
451 1125
452 1126
453 1127
454 1128
455 1129
456 1130
457 1131
458 1132
459 1133
460 1134
461 1135
462 1136
463 1137
464 1138
465 1139
466 1140
467 1141
468 1142
469 1143
470 1144
471 1145
472 1146
473 1147
474 1148
475 1149
476 1150
477 1151
478 1152
479 1153
480 1154
481 1155
482 1156
483 1157
484 1158
485 1159
486 1160
487 1161
488 1162
489 1163
490 1164
491 1165
492 1166
493 1167
494 1168
495 1169
496 1170
497 1171
498 1172
499 1173
500 1174
501 1175
502 1176
503 1177
504 1178
505 1179
506 1180
507 1181
508 1182
509 1183
510 1184
511 1185
512 1186
513 1187
514 1188
515 1189
516 1190
517 1191
518 1192
519 1193
520 1194
521 1195
522 1196
523 1197
524 1198
525 1199
526 1200
527 1201
528 1202
529 1203
530 1204
531 1205
532 1206
533 1207
534 1208
535 1209
536 1210
537 1211
538 1212
539 1213
540 1214
541 1215
542 1216
543 1217
544 1218
545 1219
546 1220
547 1221
548 1222
549 1223
550 1224
551 1225
552 1226
553 1227
554 1228
555 1229
556 1230
557 1231
558 1232
559 1233
560 1234
561 1235
562 1236
563 1237
564 1238
565 1239
566 1240
567 1241
568 1242
569 1243
570 1244
571 1245
572 1246
573 1247
574 1248
575 1249
576 1250
577 1251
578 1252
579 1253
580 1254
581 1255
582 1256
583 1257
584 1258
585 1259
586 1260
587 1261
588 1262
589 1263
590 1264
591 1265
592 1266
593 1267
594 1268
595 1269
596 1270
597 1271
598 1272
599 1273
600 1274
601 1275
602 1276
603 1277
604 1278
605 1279
606 1280
607 1281
608 1282
609 1283
610 1284
611 1285
612 1286
613 1287
614 1288
615 1289
616 1290
617 1291
618 1292
619 1293
620 1294
0
5
 PIBATCH
0
2
0
3
PLAQUE-1
337
1 2 3 4 5 6 7 8 9 10 11 12 13 14 15 16 17 18 19 20 21 22 23 24 25 26 27 28 29 30 31 32 33 34 35 36 37 38 39 40 41 42 43 44 45 46 47 48 49 50 51 52 53 54 55 56 57 58 59 60 61 62 63 64 65 66 67 68 69 70 71 72 73 74 75 76 77 78 79 80 81 82 83 84 85 86 87 88 89 90 91 92 93 94 95 96 97 98 99 100 101 102 103 104 105 106 107 108 109 110 111 112 113 114 115 116 117 118 119 120 121 122 123 124 125 126 127 128 129 130 131 132 133 134 135 136 137 138 139 140 141 142 143 144 145 146 147 148 149 150 151 152 153 154 155 156 157 158 159 160 161 162 163 164 165 166 167 168 169 170 171 172 173 174 175 176 177 178 179 180 181 182 183 184 185 186 187 188 189 190 191 192 193 194 195 196 197 198 199 200 201 202 203 204 205 206 207 208 209 210 211 212 213 214 215 216 217 218 219 220 221 222 223 224 225 226 227 228 229 230 231 232 233 234 235 236 237 238 239 240 241 242 243 244 245 246 247 248 249 250 251 252 253 254 255 256 257 258 259 260 261 262 263 264 265 266 267 268 269 270 271 272 273 274 275 276 277 278 279 280 281 282 283 284 285 286 287 288 289 290 291 292 293 294 295 296 297 298 299 300 301 302 303 304 305 306 307 308 309 310 311 312 313 314 315 316 317 318 319 320 321 322 323 324 325 326 327 328 329 330 331 332 333 334 335 336 337 
PLAQUE-2
337
338 339 340 341 342 343 344 345 346 347 348 349 350 351 352 353 354 355 356 357 358 359 360 361 362 363 364 365 366 367 368 369 370 371 372 373 374 375 376 377 378 379 380 381 382 383 384 385 386 387 388 389 390 391 392 393 394 395 396 397 398 399 400 401 402 403 404 405 406 407 408 409 410 411 412 413 414 415 416 417 418 419 420 421 422 423 424 425 426 427 428 429 430 431 432 433 434 435 436 437 438 439 440 441 442 443 444 445 446 447 448 449 450 451 452 453 454 455 456 457 458 459 460 461 462 463 464 465 466 467 468 469 470 471 472 473 474 475 476 477 478 479 480 481 482 483 484 485 486 487 488 489 490 491 492 493 494 495 496 497 498 499 500 501 502 503 504 505 506 507 508 509 510 511 512 513 514 515 516 517 518 519 520 521 522 523 524 525 526 527 528 529 530 531 532 533 534 535 536 537 538 539 540 541 542 543 544 545 546 547 548 549 550 551 552 553 554 555 556 557 558 559 560 561 562 563 564 565 566 567 568 569 570 571 572 573 574 575 576 577 578 579 580 581 582 583 584 585 586 587 588 589 590 591 592 593 594 595 596 597 598 599 600 601 602 603 604 605 606 607 608 609 610 611 612 613 614 615 616 617 618 619 620 621 622 623 624 625 626 627 628 629 630 631 632 633 634 635 636 637 638 639 640 641 642 643 644 645 646 647 648 649 650 651 652 653 654 655 656 657 658 659 660 661 662 663 664 665 666 667 668 669 670 671 672 673 674 
POT1-1
620
675 676 677 678 679 680 681 682 683 684 685 686 687 688 689 690 691 692 693 694 695 696 697 698 699 700 701 702 703 704 705 706 707 708 709 710 711 712 713 714 715 716 717 718 719 720 721 722 723 724 725 726 727 728 729 730 731 732 733 734 735 736 737 738 739 740 741 742 743 744 745 746 747 748 749 750 751 752 753 754 755 756 757 758 759 760 761 762 763 764 765 766 767 768 769 770 771 772 773 774 775 776 777 778 779 780 781 782 783 784 785 786 787 788 789 790 791 792 793 794 795 796 797 798 799 800 801 802 803 804 805 806 807 808 809 810 811 812 813 814 815 816 817 818 819 820 821 822 823 824 825 826 827 828 829 830 831 832 833 834 835 836 837 838 839 840 841 842 843 844 845 846 847 848 849 850 851 852 853 854 855 856 857 858 859 860 861 862 863 864 865 866 867 868 869 870 871 872 873 874 875 876 877 878 879 880 881 882 883 884 885 886 887 888 889 890 891 892 893 894 895 896 897 898 899 900 901 902 903 904 905 906 907 908 909 910 911 912 913 914 915 916 917 918 919 920 921 922 923 924 925 926 927 928 929 930 931 932 933 934 935 936 937 938 939 940 941 942 943 944 945 946 947 948 949 950 951 952 953 954 955 956 957 958 959 960 961 962 963 964 965 966 967 968 969 970 971 972 973 974 975 976 977 978 979 980 981 982 983 984 985 986 987 988 989 990 991 992 993 994 995 996 997 998 999 1000 1001 1002 1003 1004 1005 1006 1007 1008 1009 1010 1011 1012 1013 1014 1015 1016 1017 1018 1019 1020 1021 1022 1023 1024 1025 1026 1027 1028 1029 1030 1031 1032 1033 1034 1035 1036 1037 1038 1039 1040 1041 1042 1043 1044 1045 1046 1047 1048 1049 1050 1051 1052 1053 1054 1055 1056 1057 1058 1059 1060 1061 1062 1063 1064 1065 1066 1067 1068 1069 1070 1071 1072 1073 1074 1075 1076 1077 1078 1079 1080 1081 1082 1083 1084 1085 1086 1087 1088 1089 1090 1091 1092 1093 1094 1095 1096 1097 1098 1099 1100 1101 1102 1103 1104 1105 1106 1107 1108 1109 1110 1111 1112 1113 1114 1115 1116 1117 1118 1119 1120 1121 1122 1123 1124 1125 1126 1127 1128 1129 1130 1131 1132 1133 1134 1135 1136 1137 1138 1139 1140 1141 1142 1143 1144 1145 1146 1147 1148 1149 1150 1151 1152 1153 1154 1155 1156 1157 1158 1159 1160 1161 1162 1163 1164 1165 1166 1167 1168 1169 1170 1171 1172 1173 1174 1175 1176 1177 1178 1179 1180 1181 1182 1183 1184 1185 1186 1187 1188 1189 1190 1191 1192 1193 1194 1195 1196 1197 1198 1199 1200 1201 1202 1203 1204 1205 1206 1207 1208 1209 1210 1211 1212 1213 1214 1215 1216 1217 1218 1219 1220 1221 1222 1223 1224 1225 1226 1227 1228 1229 1230 1231 1232 1233 1234 1235 1236 1237 1238 1239 1240 1241 1242 1243 1244 1245 1246 1247 1248 1249 1250 1251 1252 1253 1254 1255 1256 1257 1258 1259 1260 1261 1262 1263 1264 1265 1266 1267 1268 1269 1270 1271 1272 1273 1274 1275 1276 1277 1278 1279 1280 1281 1282 1283 1284 1285 1286 1287 1288 1289 1290 1291 1292 1293 1294 
0
_BAS_SNEG
0
2
0
1
PLAQUE-1
337
1 2 3 4 5 6 7 8 9 10 11 12 13 14 15 16 17 18 19 20 21 22 23 24 25 26 27 28 29 30 31 32 33 34 35 36 37 38 39 40 41 42 43 44 45 46 47 48 49 50 51 52 53 54 55 56 57 58 59 60 61 62 63 64 65 66 67 68 69 70 71 72 73 74 75 76 77 78 79 80 81 82 83 84 85 86 87 88 89 90 91 92 93 94 95 96 97 98 99 100 101 102 103 104 105 106 107 108 109 110 111 112 113 114 115 116 117 118 119 120 121 122 123 124 125 126 127 128 129 130 131 132 133 134 135 136 137 138 139 140 141 142 143 144 145 146 147 148 149 150 151 152 153 154 155 156 157 158 159 160 161 162 163 164 165 166 167 168 169 170 171 172 173 174 175 176 177 178 179 180 181 182 183 184 185 186 187 188 189 190 191 192 193 194 195 196 197 198 199 200 201 202 203 204 205 206 207 208 209 210 211 212 213 214 215 216 217 218 219 220 221 222 223 224 225 226 227 228 229 230 231 232 233 234 235 236 237 238 239 240 241 242 243 244 245 246 247 248 249 250 251 252 253 254 255 256 257 258 259 260 261 262 263 264 265 266 267 268 269 270 271 272 273 274 275 276 277 278 279 280 281 282 283 284 285 286 287 288 289 290 291 292 293 294 295 296 297 298 299 300 301 302 303 304 305 306 307 308 309 310 311 312 313 314 315 316 317 318 319 320 321 322 323 324 325 326 327 328 329 330 331 332 333 334 335 336 337 
0
_HAUT_SPOS
0
2
0
1
PLAQUE-2
337
338 339 340 341 342 343 344 345 346 347 348 349 350 351 352 353 354 355 356 357 358 359 360 361 362 363 364 365 366 367 368 369 370 371 372 373 374 375 376 377 378 379 380 381 382 383 384 385 386 387 388 389 390 391 392 393 394 395 396 397 398 399 400 401 402 403 404 405 406 407 408 409 410 411 412 413 414 415 416 417 418 419 420 421 422 423 424 425 426 427 428 429 430 431 432 433 434 435 436 437 438 439 440 441 442 443 444 445 446 447 448 449 450 451 452 453 454 455 456 457 458 459 460 461 462 463 464 465 466 467 468 469 470 471 472 473 474 475 476 477 478 479 480 481 482 483 484 485 486 487 488 489 490 491 492 493 494 495 496 497 498 499 500 501 502 503 504 505 506 507 508 509 510 511 512 513 514 515 516 517 518 519 520 521 522 523 524 525 526 527 528 529 530 531 532 533 534 535 536 537 538 539 540 541 542 543 544 545 546 547 548 549 550 551 552 553 554 555 556 557 558 559 560 561 562 563 564 565 566 567 568 569 570 571 572 573 574 575 576 577 578 579 580 581 582 583 584 585 586 587 588 589 590 591 592 593 594 595 596 597 598 599 600 601 602 603 604 605 606 607 608 609 610 611 612 613 614 615 616 617 618 619 620 621 622 623 624 625 626 627 628 629 630 631 632 633 634 635 636 637 638 639 640 641 642 643 644 645 646 647 648 649 650 651 652 653 654 655 656 657 658 659 660 661 662 663 664 665 666 667 668 669 670 671 672 673 674 
0
_POT1BAS_SNEG
0
2
0
1
POT1-1
75
1175 1176 1177 1178 1179 1180 1181 1182 1183 1184 1185 1186 1187 1188 1189 1190 1191 1192 1193 1194 1195 1196 1197 1198 1199 1200 1201 1202 1203 1204 1205 1206 1207 1208 1209 1210 1211 1212 1213 1214 1215 1216 1217 1218 1219 1220 1221 1222 1223 1224 1225 1226 1227 1228 1229 1230 1231 1232 1233 1234 1235 1236 1237 1238 1239 1240 1241 1242 1243 1244 1245 1246 1247 1248 1249 
0
_POT1HAUT_SPOS
0
2
0
1
POT1-1
45
1250 1251 1252 1253 1254 1255 1256 1257 1258 1259 1260 1261 1262 1263 1264 1265 1266 1267 1268 1269 1270 1271 1272 1273 1274 1275 1276 1277 1278 1279 1280 1281 1282 1283 1284 1285 1286 1287 1288 1289 1290 1291 1292 1293 1294 
0
3
PLAQUE-1
2
 P       1 PIBATCH
0
2
337
1 2 3 4 5 6 7 8 9 10 11 12 13 14 15 16 17 18 19 20 21 22 23 24 25 26 27 28 29 30 31 32 33 34 35 36 37 38 39 40 41 42 43 44 45 46 47 48 49 50 51 52 53 54 55 56 57 58 59 60 61 62 63 64 65 66 67 68 69 70 71 72 73 74 75 76 77 78 79 80 81 82 83 84 85 86 87 88 89 90 91 92 93 94 95 96 97 98 99 100 101 102 103 104 105 106 107 108 109 110 111 112 113 114 115 116 117 118 119 120 121 122 123 124 125 126 127 128 129 130 131 132 133 134 135 136 137 138 139 140 141 142 143 144 145 146 147 148 149 150 151 152 153 154 155 156 157 158 159 160 161 162 163 164 165 166 167 168 169 170 171 172 173 174 175 176 177 178 179 180 181 182 183 184 185 186 187 188 189 190 191 192 193 194 195 196 197 198 199 200 201 202 203 204 205 206 207 208 209 210 211 212 213 214 215 216 217 218 219 220 221 222 223 224 225 226 227 228 229 230 231 232 233 234 235 236 237 238 239 240 241 242 243 244 245 246 247 248 249 250 251 252 253 254 255 256 257 258 259 260 261 262 263 264 265 266 267 268 269 270 271 272 273 274 275 276 277 278 279 280 281 282 283 284 285 286 287 288 289 290 291 292 293 294 295 296 297 298 299 300 301 302 303 304 305 306 307 308 309 310 311 312 313 314 315 316 317 318 319 320 321 322 323 324 325 326 327 328 329 330 331 332 333 334 335 336 337 
0
0
PLAQUE
0
1
337
1 2 3 4 5 6 7 8 9 10 11 12 13 14 15 16 17 18 19 20 21 22 23 24 25 26 27 28 29 30 31 32 33 34 35 36 37 38 39 40 41 42 43 44 45 46 47 48 49 50 51 52 53 54 55 56 57 58 59 60 61 62 63 64 65 66 67 68 69 70 71 72 73 74 75 76 77 78 79 80 81 82 83 84 85 86 87 88 89 90 91 92 93 94 95 96 97 98 99 100 101 102 103 104 105 106 107 108 109 110 111 112 113 114 115 116 117 118 119 120 121 122 123 124 125 126 127 128 129 130 131 132 133 134 135 136 137 138 139 140 141 142 143 144 145 146 147 148 149 150 151 152 153 154 155 156 157 158 159 160 161 162 163 164 165 166 167 168 169 170 171 172 173 174 175 176 177 178 179 180 181 182 183 184 185 186 187 188 189 190 191 192 193 194 195 196 197 198 199 200 201 202 203 204 205 206 207 208 209 210 211 212 213 214 215 216 217 218 219 220 221 222 223 224 225 226 227 228 229 230 231 232 233 234 235 236 237 238 239 240 241 242 243 244 245 246 247 248 249 250 251 252 253 254 255 256 257 258 259 260 261 262 263 264 265 266 267 268 269 270 271 272 273 274 275 276 277 278 279 280 281 282 283 284 285 286 287 288 289 290 291 292 293 294 295 296 297 298 299 300 301 302 303 304 305 306 307 308 309 310 311 312 313 314 315 316 317 318 319 320 321 322 323 324 325 326 327 328 329 330 331 332 333 334 335 336 337 
0
0
0
POT1-1
4
 P       3 PIBATCH
0
2
620
675 676 677 678 679 680 681 682 683 684 685 686 687 688 689 690 691 692 693 694 695 696 697 698 699 700 701 702 703 704 705 706 707 708 709 710 711 712 713 714 715 716 717 718 719 720 721 722 723 724 725 726 727 728 729 730 731 732 733 734 735 736 737 738 739 740 741 742 743 744 745 746 747 748 749 750 751 752 753 754 755 756 757 758 759 760 761 762 763 764 765 766 767 768 769 770 771 772 773 774 775 776 777 778 779 780 781 782 783 784 785 786 787 788 789 790 791 792 793 794 795 796 797 798 799 800 801 802 803 804 805 806 807 808 809 810 811 812 813 814 815 816 817 818 819 820 821 822 823 824 825 826 827 828 829 830 831 832 833 834 835 836 837 838 839 840 841 842 843 844 845 846 847 848 849 850 851 852 853 854 855 856 857 858 859 860 861 862 863 864 865 866 867 868 869 870 871 872 873 874 875 876 877 878 879 880 881 882 883 884 885 886 887 888 889 890 891 892 893 894 895 896 897 898 899 900 901 902 903 904 905 906 907 908 909 910 911 912 913 914 915 916 917 918 919 920 921 922 923 924 925 926 927 928 929 930 931 932 933 934 935 936 937 938 939 940 941 942 943 944 945 946 947 948 949 950 951 952 953 954 955 956 957 958 959 960 961 962 963 964 965 966 967 968 969 970 971 972 973 974 975 976 977 978 979 980 981 982 983 984 985 986 987 988 989 990 991 992 993 994 995 996 997 998 999 1000 1001 1002 1003 1004 1005 1006 1007 1008 1009 1010 1011 1012 1013 1014 1015 1016 1017 1018 1019 1020 1021 1022 1023 1024 1025 1026 1027 1028 1029 1030 1031 1032 1033 1034 1035 1036 1037 1038 1039 1040 1041 1042 1043 1044 1045 1046 1047 1048 1049 1050 1051 1052 1053 1054 1055 1056 1057 1058 1059 1060 1061 1062 1063 1064 1065 1066 1067 1068 1069 1070 1071 1072 1073 1074 1075 1076 1077 1078 1079 1080 1081 1082 1083 1084 1085 1086 1087 1088 1089 1090 1091 1092 1093 1094 1095 1096 1097 1098 1099 1100 1101 1102 1103 1104 1105 1106 1107 1108 1109 1110 1111 1112 1113 1114 1115 1116 1117 1118 1119 1120 1121 1122 1123 1124 1125 1126 1127 1128 1129 1130 1131 1132 1133 1134 1135 1136 1137 1138 1139 1140 1141 1142 1143 1144 1145 1146 1147 1148 1149 1150 1151 1152 1153 1154 1155 1156 1157 1158 1159 1160 1161 1162 1163 1164 1165 1166 1167 1168 1169 1170 1171 1172 1173 1174 1175 1176 1177 1178 1179 1180 1181 1182 1183 1184 1185 1186 1187 1188 1189 1190 1191 1192 1193 1194 1195 1196 1197 1198 1199 1200 1201 1202 1203 1204 1205 1206 1207 1208 1209 1210 1211 1212 1213 1214 1215 1216 1217 1218 1219 1220 1221 1222 1223 1224 1225 1226 1227 1228 1229 1230 1231 1232 1233 1234 1235 1236 1237 1238 1239 1240 1241 1242 1243 1244 1245 1246 1247 1248 1249 1250 1251 1252 1253 1254 1255 1256 1257 1258 1259 1260 1261 1262 1263 1264 1265 1266 1267 1268 1269 1270 1271 1272 1273 1274 1275 1276 1277 1278 1279 1280 1281 1282 1283 1284 1285 1286 1287 1288 1289 1290 1291 1292 1293 1294 
0
0
SET-1
0
1
45
1250 1251 1252 1253 1254 1255 1256 1257 1258 1259 1260 1261 1262 1263 1264 1265 1266 1267 1268 1269 1270 1271 1272 1273 1274 1275 1276 1277 1278 1279 1280 1281 1282 1283 1284 1285 1286 1287 1288 1289 1290 1291 1292 1293 1294 
0
0
SET-2
0
1
320
782 783 784 785 786 787 788 789 790 791 792 793 794 795 796 797 798 799 800 801 802 803 804 805 806 807 808 809 810 811 812 813 814 815 816 817 818 819 820 821 822 823 824 825 826 827 828 829 830 831 832 833 834 835 836 837 838 839 840 841 842 843 844 845 846 847 848 849 850 851 852 853 854 855 856 857 858 859 860 861 862 863 864 865 866 867 868 869 870 871 872 873 874 875 876 877 878 879 880 881 882 883 884 885 886 887 888 889 890 891 892 893 894 895 896 897 898 899 900 901 902 903 904 905 906 907 908 909 910 911 912 913 914 915 916 917 918 919 920 921 922 923 924 925 926 927 928 929 930 931 932 933 934 935 936 937 938 939 940 941 942 943 944 945 946 947 948 949 950 951 952 953 954 955 956 957 958 959 960 961 962 963 964 965 966 967 968 969 970 971 972 973 974 975 976 977 978 979 980 981 982 983 984 985 986 987 988 989 990 991 992 993 994 995 996 997 998 999 1000 1001 1002 1003 1004 1005 1006 1007 1008 1009 1010 1011 1012 1013 1014 1015 1016 1017 1018 1019 1020 1021 1022 1023 1024 1025 1026 1027 1028 1029 1030 1031 1032 1033 1034 1035 1036 1037 1038 1039 1040 1041 1042 1043 1044 1045 1046 1047 1048 1049 1050 1051 1052 1053 1054 1055 1056 1057 1058 1059 1060 1061 1062 1063 1064 1065 1066 1067 1068 1069 1070 1071 1072 1073 1074 1075 1076 1077 1078 1079 1080 1081 1082 1083 1084 1085 1086 1087 1088 1089 1090 1091 1092 1093 1094 1095 1096 1097 1098 1099 1100 1101 
0
0
SET-3
0
1
255
675 676 677 678 679 680 681 682 683 684 685 686 687 688 689 690 691 692 693 694 695 696 697 698 699 700 701 702 703 704 705 706 707 708 709 710 711 712 713 714 715 716 717 718 719 720 721 722 723 724 725 726 727 728 729 730 731 732 733 734 735 736 737 738 739 740 741 742 743 744 745 746 747 748 749 750 751 752 753 754 755 756 757 758 759 760 761 762 763 764 765 766 767 768 769 770 771 772 773 774 775 776 777 778 779 780 781 1102 1103 1104 1105 1106 1107 1108 1109 1110 1111 1112 1113 1114 1115 1116 1117 1118 1119 1120 1121 1122 1123 1124 1125 1126 1127 1128 1129 1130 1131 1132 1133 1134 1135 1136 1137 1138 1139 1140 1141 1142 1143 1144 1145 1146 1147 1148 1149 1150 1151 1152 1153 1154 1155 1156 1157 1158 1159 1160 1161 1162 1163 1164 1165 1166 1167 1168 1169 1170 1171 1172 1173 1174 1175 1176 1177 1178 1179 1180 1181 1182 1183 1184 1185 1186 1187 1188 1189 1190 1191 1192 1193 1194 1195 1196 1197 1198 1199 1200 1201 1202 1203 1204 1205 1206 1207 1208 1209 1210 1211 1212 1213 1214 1215 1216 1217 1218 1219 1220 1221 1222 1223 1224 1225 1226 1227 1228 1229 1230 1231 1232 1233 1234 1235 1236 1237 1238 1239 1240 1241 1242 1243 1244 1245 1246 1247 1248 1249 
0
0
0
PLAQUE-2
2
 P       2 PIBATCH
0
2
337
338 339 340 341 342 343 344 345 346 347 348 349 350 351 352 353 354 355 356 357 358 359 360 361 362 363 364 365 366 367 368 369 370 371 372 373 374 375 376 377 378 379 380 381 382 383 384 385 386 387 388 389 390 391 392 393 394 395 396 397 398 399 400 401 402 403 404 405 406 407 408 409 410 411 412 413 414 415 416 417 418 419 420 421 422 423 424 425 426 427 428 429 430 431 432 433 434 435 436 437 438 439 440 441 442 443 444 445 446 447 448 449 450 451 452 453 454 455 456 457 458 459 460 461 462 463 464 465 466 467 468 469 470 471 472 473 474 475 476 477 478 479 480 481 482 483 484 485 486 487 488 489 490 491 492 493 494 495 496 497 498 499 500 501 502 503 504 505 506 507 508 509 510 511 512 513 514 515 516 517 518 519 520 521 522 523 524 525 526 527 528 529 530 531 532 533 534 535 536 537 538 539 540 541 542 543 544 545 546 547 548 549 550 551 552 553 554 555 556 557 558 559 560 561 562 563 564 565 566 567 568 569 570 571 572 573 574 575 576 577 578 579 580 581 582 583 584 585 586 587 588 589 590 591 592 593 594 595 596 597 598 599 600 601 602 603 604 605 606 607 608 609 610 611 612 613 614 615 616 617 618 619 620 621 622 623 624 625 626 627 628 629 630 631 632 633 634 635 636 637 638 639 640 641 642 643 644 645 646 647 648 649 650 651 652 653 654 655 656 657 658 659 660 661 662 663 664 665 666 667 668 669 670 671 672 673 674 
0
0
PLAQUE
0
1
337
338 339 340 341 342 343 344 345 346 347 348 349 350 351 352 353 354 355 356 357 358 359 360 361 362 363 364 365 366 367 368 369 370 371 372 373 374 375 376 377 378 379 380 381 382 383 384 385 386 387 388 389 390 391 392 393 394 395 396 397 398 399 400 401 402 403 404 405 406 407 408 409 410 411 412 413 414 415 416 417 418 419 420 421 422 423 424 425 426 427 428 429 430 431 432 433 434 435 436 437 438 439 440 441 442 443 444 445 446 447 448 449 450 451 452 453 454 455 456 457 458 459 460 461 462 463 464 465 466 467 468 469 470 471 472 473 474 475 476 477 478 479 480 481 482 483 484 485 486 487 488 489 490 491 492 493 494 495 496 497 498 499 500 501 502 503 504 505 506 507 508 509 510 511 512 513 514 515 516 517 518 519 520 521 522 523 524 525 526 527 528 529 530 531 532 533 534 535 536 537 538 539 540 541 542 543 544 545 546 547 548 549 550 551 552 553 554 555 556 557 558 559 560 561 562 563 564 565 566 567 568 569 570 571 572 573 574 575 576 577 578 579 580 581 582 583 584 585 586 587 588 589 590 591 592 593 594 595 596 597 598 599 600 601 602 603 604 605 606 607 608 609 610 611 612 613 614 615 616 617 618 619 620 621 622 623 624 625 626 627 628 629 630 631 632 633 634 635 636 637 638 639 640 641 642 643 644 645 646 647 648 649 650 651 652 653 654 655 656 657 658 659 660 661 662 663 664 665 666 667 668 669 670 671 672 673 674 
0
0
0
3
 PIBATCH
0
2
0
3
PLAQUE-1
362
1 2 3 4 5 6 7 8 9 10 11 12 13 14 15 16 17 18 19 20 21 22 23 24 25 26 27 28 29 30 31 32 33 34 35 36 37 38 39 40 41 42 43 44 45 46 47 48 49 50 51 52 53 54 55 56 57 58 59 60 61 62 63 64 65 66 67 68 69 70 71 72 73 74 75 76 77 78 79 80 81 82 83 84 85 86 87 88 89 90 91 92 93 94 95 96 97 98 99 100 101 102 103 104 105 106 107 108 109 110 111 112 113 114 115 116 117 118 119 120 121 122 123 124 125 126 127 128 129 130 131 132 133 134 135 136 137 138 139 140 141 142 143 144 145 146 147 148 149 150 151 152 153 154 155 156 157 158 159 160 161 162 163 164 165 166 167 168 169 170 171 172 173 174 175 176 177 178 179 180 181 182 183 184 185 186 187 188 189 190 191 192 193 194 195 196 197 198 199 200 201 202 203 204 205 206 207 208 209 210 211 212 213 214 215 216 217 218 219 220 221 222 223 224 225 226 227 228 229 230 231 232 233 234 235 236 237 238 239 240 241 242 243 244 245 246 247 248 249 250 251 252 253 254 255 256 257 258 259 260 261 262 263 264 265 266 267 268 269 270 271 272 273 274 275 276 277 278 279 280 281 282 283 284 285 286 287 288 289 290 291 292 293 294 295 296 297 298 299 300 301 302 303 304 305 306 307 308 309 310 311 312 313 314 315 316 317 318 319 320 321 322 323 324 325 326 327 328 329 330 331 332 333 334 335 336 337 338 339 340 341 342 343 344 345 346 347 348 349 350 351 352 353 354 355 356 357 358 359 360 361 362 
PLAQUE-2
362
363 364 365 366 367 368 369 370 371 372 373 374 375 376 377 378 379 380 381 382 383 384 385 386 387 388 389 390 391 392 393 394 395 396 397 398 399 400 401 402 403 404 405 406 407 408 409 410 411 412 413 414 415 416 417 418 419 420 421 422 423 424 425 426 427 428 429 430 431 432 433 434 435 436 437 438 439 440 441 442 443 444 445 446 447 448 449 450 451 452 453 454 455 456 457 458 459 460 461 462 463 464 465 466 467 468 469 470 471 472 473 474 475 476 477 478 479 480 481 482 483 484 485 486 487 488 489 490 491 492 493 494 495 496 497 498 499 500 501 502 503 504 505 506 507 508 509 510 511 512 513 514 515 516 517 518 519 520 521 522 523 524 525 526 527 528 529 530 531 532 533 534 535 536 537 538 539 540 541 542 543 544 545 546 547 548 549 550 551 552 553 554 555 556 557 558 559 560 561 562 563 564 565 566 567 568 569 570 571 572 573 574 575 576 577 578 579 580 581 582 583 584 585 586 587 588 589 590 591 592 593 594 595 596 597 598 599 600 601 602 603 604 605 606 607 608 609 610 611 612 613 614 615 616 617 618 619 620 621 622 623 624 625 626 627 628 629 630 631 632 633 634 635 636 637 638 639 640 641 642 643 644 645 646 647 648 649 650 651 652 653 654 655 656 657 658 659 660 661 662 663 664 665 666 667 668 669 670 671 672 673 674 675 676 677 678 679 680 681 682 683 684 685 686 687 688 689 690 691 692 693 694 695 696 697 698 699 700 701 702 703 704 705 706 707 708 709 710 711 712 713 714 715 716 717 718 719 720 721 722 723 724 
POT1-1
632
725 726 727 728 729 730 731 732 733 734 735 736 737 738 739 740 741 742 743 744 745 746 747 748 749 750 751 752 753 754 755 756 757 758 759 760 761 762 763 764 765 766 767 768 769 770 771 772 773 774 775 776 777 778 779 780 781 782 783 784 785 786 787 788 789 790 791 792 793 794 795 796 797 798 799 800 801 802 803 804 805 806 807 808 809 810 811 812 813 814 815 816 817 818 819 820 821 822 823 824 825 826 827 828 829 830 831 832 833 834 835 836 837 838 839 840 841 842 843 844 845 846 847 848 849 850 851 852 853 854 855 856 857 858 859 860 861 862 863 864 865 866 867 868 869 870 871 872 873 874 875 876 877 878 879 880 881 882 883 884 885 886 887 888 889 890 891 892 893 894 895 896 897 898 899 900 901 902 903 904 905 906 907 908 909 910 911 912 913 914 915 916 917 918 919 920 921 922 923 924 925 926 927 928 929 930 931 932 933 934 935 936 937 938 939 940 941 942 943 944 945 946 947 948 949 950 951 952 953 954 955 956 957 958 959 960 961 962 963 964 965 966 967 968 969 970 971 972 973 974 975 976 977 978 979 980 981 982 983 984 985 986 987 988 989 990 991 992 993 994 995 996 997 998 999 1000 1001 1002 1003 1004 1005 1006 1007 1008 1009 1010 1011 1012 1013 1014 1015 1016 1017 1018 1019 1020 1021 1022 1023 1024 1025 1026 1027 1028 1029 1030 1031 1032 1033 1034 1035 1036 1037 1038 1039 1040 1041 1042 1043 1044 1045 1046 1047 1048 1049 1050 1051 1052 1053 1054 1055 1056 1057 1058 1059 1060 1061 1062 1063 1064 1065 1066 1067 1068 1069 1070 1071 1072 1073 1074 1075 1076 1077 1078 1079 1080 1081 1082 1083 1084 1085 1086 1087 1088 1089 1090 1091 1092 1093 1094 1095 1096 1097 1098 1099 1100 1101 1102 1103 1104 1105 1106 1107 1108 1109 1110 1111 1112 1113 1114 1115 1116 1117 1118 1119 1120 1121 1122 1123 1124 1125 1126 1127 1128 1129 1130 1131 1132 1133 1134 1135 1136 1137 1138 1139 1140 1141 1142 1143 1144 1145 1146 1147 1148 1149 1150 1151 1152 1153 1154 1155 1156 1157 1158 1159 1160 1161 1162 1163 1164 1165 1166 1167 1168 1169 1170 1171 1172 1173 1174 1175 1176 1177 1178 1179 1180 1181 1182 1183 1184 1185 1186 1187 1188 1189 1190 1191 1192 1193 1194 1195 1196 1197 1198 1199 1200 1201 1202 1203 1204 1205 1206 1207 1208 1209 1210 1211 1212 1213 1214 1215 1216 1217 1218 1219 1220 1221 1222 1223 1224 1225 1226 1227 1228 1229 1230 1231 1232 1233 1234 1235 1236 1237 1238 1239 1240 1241 1242 1243 1244 1245 1246 1247 1248 1249 1250 1251 1252 1253 1254 1255 1256 1257 1258 1259 1260 1261 1262 1263 1264 1265 1266 1267 1268 1269 1270 1271 1272 1273 1274 1275 1276 1277 1278 1279 1280 1281 1282 1283 1284 1285 1286 1287 1288 1289 1290 1291 1292 1293 1294 1295 1296 1297 1298 1299 1300 1301 1302 1303 1304 1305 1306 1307 1308 1309 1310 1311 1312 1313 1314 1315 1316 1317 1318 1319 1320 1321 1322 1323 1324 1325 1326 1327 1328 1329 1330 1331 1332 1333 1334 1335 1336 1337 1338 1339 1340 1341 1342 1343 1344 1345 1346 1347 1348 1349 1350 1351 1352 1353 1354 1355 1356 
0
SET-1
0
1
0
1
PLAQUE-1
1
362 
0
SET-2
0
1
0
1
PLAQUE-2
1
724 
0
3
PLAQUE-1
2
 P       1 PIBATCH
0
2
362
1 2 3 4 5 6 7 8 9 10 11 12 13 14 15 16 17 18 19 20 21 22 23 24 25 26 27 28 29 30 31 32 33 34 35 36 37 38 39 40 41 42 43 44 45 46 47 48 49 50 51 52 53 54 55 56 57 58 59 60 61 62 63 64 65 66 67 68 69 70 71 72 73 74 75 76 77 78 79 80 81 82 83 84 85 86 87 88 89 90 91 92 93 94 95 96 97 98 99 100 101 102 103 104 105 106 107 108 109 110 111 112 113 114 115 116 117 118 119 120 121 122 123 124 125 126 127 128 129 130 131 132 133 134 135 136 137 138 139 140 141 142 143 144 145 146 147 148 149 150 151 152 153 154 155 156 157 158 159 160 161 162 163 164 165 166 167 168 169 170 171 172 173 174 175 176 177 178 179 180 181 182 183 184 185 186 187 188 189 190 191 192 193 194 195 196 197 198 199 200 201 202 203 204 205 206 207 208 209 210 211 212 213 214 215 216 217 218 219 220 221 222 223 224 225 226 227 228 229 230 231 232 233 234 235 236 237 238 239 240 241 242 243 244 245 246 247 248 249 250 251 252 253 254 255 256 257 258 259 260 261 262 263 264 265 266 267 268 269 270 271 272 273 274 275 276 277 278 279 280 281 282 283 284 285 286 287 288 289 290 291 292 293 294 295 296 297 298 299 300 301 302 303 304 305 306 307 308 309 310 311 312 313 314 315 316 317 318 319 320 321 322 323 324 325 326 327 328 329 330 331 332 333 334 335 336 337 338 339 340 341 342 343 344 345 346 347 348 349 350 351 352 353 354 355 356 357 358 359 360 361 362 
0
0
PLAQUE-REFPT_
0
2
1
362 
0
0
0
POT1-1
4
 P       3 PIBATCH
0
2
632
725 726 727 728 729 730 731 732 733 734 735 736 737 738 739 740 741 742 743 744 745 746 747 748 749 750 751 752 753 754 755 756 757 758 759 760 761 762 763 764 765 766 767 768 769 770 771 772 773 774 775 776 777 778 779 780 781 782 783 784 785 786 787 788 789 790 791 792 793 794 795 796 797 798 799 800 801 802 803 804 805 806 807 808 809 810 811 812 813 814 815 816 817 818 819 820 821 822 823 824 825 826 827 828 829 830 831 832 833 834 835 836 837 838 839 840 841 842 843 844 845 846 847 848 849 850 851 852 853 854 855 856 857 858 859 860 861 862 863 864 865 866 867 868 869 870 871 872 873 874 875 876 877 878 879 880 881 882 883 884 885 886 887 888 889 890 891 892 893 894 895 896 897 898 899 900 901 902 903 904 905 906 907 908 909 910 911 912 913 914 915 916 917 918 919 920 921 922 923 924 925 926 927 928 929 930 931 932 933 934 935 936 937 938 939 940 941 942 943 944 945 946 947 948 949 950 951 952 953 954 955 956 957 958 959 960 961 962 963 964 965 966 967 968 969 970 971 972 973 974 975 976 977 978 979 980 981 982 983 984 985 986 987 988 989 990 991 992 993 994 995 996 997 998 999 1000 1001 1002 1003 1004 1005 1006 1007 1008 1009 1010 1011 1012 1013 1014 1015 1016 1017 1018 1019 1020 1021 1022 1023 1024 1025 1026 1027 1028 1029 1030 1031 1032 1033 1034 1035 1036 1037 1038 1039 1040 1041 1042 1043 1044 1045 1046 1047 1048 1049 1050 1051 1052 1053 1054 1055 1056 1057 1058 1059 1060 1061 1062 1063 1064 1065 1066 1067 1068 1069 1070 1071 1072 1073 1074 1075 1076 1077 1078 1079 1080 1081 1082 1083 1084 1085 1086 1087 1088 1089 1090 1091 1092 1093 1094 1095 1096 1097 1098 1099 1100 1101 1102 1103 1104 1105 1106 1107 1108 1109 1110 1111 1112 1113 1114 1115 1116 1117 1118 1119 1120 1121 1122 1123 1124 1125 1126 1127 1128 1129 1130 1131 1132 1133 1134 1135 1136 1137 1138 1139 1140 1141 1142 1143 1144 1145 1146 1147 1148 1149 1150 1151 1152 1153 1154 1155 1156 1157 1158 1159 1160 1161 1162 1163 1164 1165 1166 1167 1168 1169 1170 1171 1172 1173 1174 1175 1176 1177 1178 1179 1180 1181 1182 1183 1184 1185 1186 1187 1188 1189 1190 1191 1192 1193 1194 1195 1196 1197 1198 1199 1200 1201 1202 1203 1204 1205 1206 1207 1208 1209 1210 1211 1212 1213 1214 1215 1216 1217 1218 1219 1220 1221 1222 1223 1224 1225 1226 1227 1228 1229 1230 1231 1232 1233 1234 1235 1236 1237 1238 1239 1240 1241 1242 1243 1244 1245 1246 1247 1248 1249 1250 1251 1252 1253 1254 1255 1256 1257 1258 1259 1260 1261 1262 1263 1264 1265 1266 1267 1268 1269 1270 1271 1272 1273 1274 1275 1276 1277 1278 1279 1280 1281 1282 1283 1284 1285 1286 1287 1288 1289 1290 1291 1292 1293 1294 1295 1296 1297 1298 1299 1300 1301 1302 1303 1304 1305 1306 1307 1308 1309 1310 1311 1312 1313 1314 1315 1316 1317 1318 1319 1320 1321 1322 1323 1324 1325 1326 1327 1328 1329 1330 1331 1332 1333 1334 1335 1336 1337 1338 1339 1340 1341 1342 1343 1344 1345 1346 1347 1348 1349 1350 1351 1352 1353 1354 1355 1356 
0
0
SET-1
0
1
85
729 731 863 864 865 866 867 868 869 870 871 872 873 874 875 876 877 878 879 880 881 882 883 884 885 886 887 888 889 890 891 892 893 894 895 896 897 898 899 900 901 913 914 915 916 917 918 919 920 921 922 923 924 925 926 927 928 929 930 931 932 933 934 935 936 937 938 939 940 941 942 943 944 945 946 947 948 949 950 951 952 953 954 955 956 
0
0
SET-2
0
1
360
727 729 784 785 786 787 788 789 790 791 792 793 794 795 796 797 798 799 800 801 802 803 804 805 806 807 808 809 810 811 812 813 814 815 816 817 818 819 820 821 822 863 864 865 866 867 868 869 870 871 872 873 874 875 876 877 878 879 880 881 882 883 884 885 886 887 888 889 890 891 892 893 894 895 896 897 898 899 900 901 902 903 904 905 906 907 908 996 997 998 999 1000 1001 1002 1003 1004 1005 1006 1007 1008 1009 1010 1011 1012 1013 1014 1015 1016 1017 1018 1019 1020 1021 1022 1023 1024 1025 1026 1027 1028 1029 1030 1031 1032 1033 1034 1035 1036 1037 1038 1039 1040 1041 1042 1043 1044 1045 1046 1047 1048 1049 1050 1051 1052 1053 1054 1055 1056 1057 1058 1059 1060 1061 1062 1063 1064 1065 1066 1067 1068 1069 1070 1071 1072 1073 1074 1075 1076 1077 1078 1079 1080 1081 1082 1083 1084 1085 1086 1087 1088 1089 1090 1091 1092 1093 1094 1095 1096 1097 1098 1099 1100 1101 1102 1103 1104 1105 1106 1107 1108 1109 1110 1111 1112 1113 1114 1115 1116 1117 1118 1119 1120 1121 1122 1123 1124 1125 1126 1127 1128 1129 1130 1131 1132 1133 1134 1135 1136 1137 1138 1139 1140 1141 1142 1143 1144 1145 1146 1147 1148 1149 1150 1151 1152 1153 1154 1155 1156 1157 1158 1159 1160 1161 1162 1163 1164 1165 1166 1167 1168 1169 1170 1171 1172 1173 1174 1175 1176 1177 1178 1179 1180 1181 1182 1183 1184 1185 1186 1187 1188 1189 1190 1191 1192 1193 1194 1195 1196 1197 1198 1199 1200 1201 1202 1203 1204 1205 1206 1207 1208 1209 1210 1211 1212 1213 1214 1215 1216 1217 1218 1219 1220 1221 1222 1223 1224 1225 1226 1227 1228 1229 1230 1231 1232 1233 1234 1235 1236 1237 1238 1239 1240 1241 1242 1243 1244 1245 1246 1247 1248 1249 1250 1251 1252 1253 1254 1255 1256 1257 1258 1259 1260 1261 1262 1263 1264 1265 1266 1267 1268 
0
0
SET-3
0
1
267
725 726 727 728 730 732 733 734 735 736 737 738 739 740 741 742 743 744 745 746 747 748 749 750 751 752 753 754 755 756 757 758 759 760 761 762 763 764 765 766 767 768 769 770 771 772 773 774 775 776 777 778 779 780 781 782 783 784 785 786 787 788 789 790 791 792 793 794 795 796 797 798 799 800 801 802 803 804 805 806 807 808 809 810 811 812 813 814 815 816 817 818 819 820 821 822 823 824 825 826 827 828 829 830 831 832 833 834 835 836 837 838 839 840 841 842 843 844 845 846 847 848 849 850 851 852 853 854 855 856 857 858 859 860 861 862 909 910 911 912 957 958 959 960 961 962 963 964 965 966 967 968 969 970 971 972 973 974 975 976 977 978 979 980 981 982 983 984 985 986 987 988 989 990 991 992 993 994 995 1269 1270 1271 1272 1273 1274 1275 1276 1277 1278 1279 1280 1281 1282 1283 1284 1285 1286 1287 1288 1289 1290 1291 1292 1293 1294 1295 1296 1297 1298 1299 1300 1301 1302 1303 1304 1305 1306 1307 1308 1309 1310 1311 1312 1313 1314 1315 1316 1317 1318 1319 1320 1321 1322 1323 1324 1325 1326 1327 1328 1329 1330 1331 1332 1333 1334 1335 1336 1337 1338 1339 1340 1341 1342 1343 1344 1345 1346 1347 1348 1349 1350 1351 1352 1353 1354 1355 1356 
0
0
0
PLAQUE-2
2
 P       2 PIBATCH
0
2
362
363 364 365 366 367 368 369 370 371 372 373 374 375 376 377 378 379 380 381 382 383 384 385 386 387 388 389 390 391 392 393 394 395 396 397 398 399 400 401 402 403 404 405 406 407 408 409 410 411 412 413 414 415 416 417 418 419 420 421 422 423 424 425 426 427 428 429 430 431 432 433 434 435 436 437 438 439 440 441 442 443 444 445 446 447 448 449 450 451 452 453 454 455 456 457 458 459 460 461 462 463 464 465 466 467 468 469 470 471 472 473 474 475 476 477 478 479 480 481 482 483 484 485 486 487 488 489 490 491 492 493 494 495 496 497 498 499 500 501 502 503 504 505 506 507 508 509 510 511 512 513 514 515 516 517 518 519 520 521 522 523 524 525 526 527 528 529 530 531 532 533 534 535 536 537 538 539 540 541 542 543 544 545 546 547 548 549 550 551 552 553 554 555 556 557 558 559 560 561 562 563 564 565 566 567 568 569 570 571 572 573 574 575 576 577 578 579 580 581 582 583 584 585 586 587 588 589 590 591 592 593 594 595 596 597 598 599 600 601 602 603 604 605 606 607 608 609 610 611 612 613 614 615 616 617 618 619 620 621 622 623 624 625 626 627 628 629 630 631 632 633 634 635 636 637 638 639 640 641 642 643 644 645 646 647 648 649 650 651 652 653 654 655 656 657 658 659 660 661 662 663 664 665 666 667 668 669 670 671 672 673 674 675 676 677 678 679 680 681 682 683 684 685 686 687 688 689 690 691 692 693 694 695 696 697 698 699 700 701 702 703 704 705 706 707 708 709 710 711 712 713 714 715 716 717 718 719 720 721 722 723 724 
0
0
PLAQUE-REFPT_
0
2
1
724 
0
0
0
0
4
BAS
0
0
0
1
PLAQUE-1
0
0
1
SNEG
337
1 2 3 4 5 6 7 8 9 10 11 12 13 14 15 16 17 18 19 20 21 22 23 24 25 26 27 28 29 30 31 32 33 34 35 36 37 38 39 40 41 42 43 44 45 46 47 48 49 50 51 52 53 54 55 56 57 58 59 60 61 62 63 64 65 66 67 68 69 70 71 72 73 74 75 76 77 78 79 80 81 82 83 84 85 86 87 88 89 90 91 92 93 94 95 96 97 98 99 100 101 102 103 104 105 106 107 108 109 110 111 112 113 114 115 116 117 118 119 120 121 122 123 124 125 126 127 128 129 130 131 132 133 134 135 136 137 138 139 140 141 142 143 144 145 146 147 148 149 150 151 152 153 154 155 156 157 158 159 160 161 162 163 164 165 166 167 168 169 170 171 172 173 174 175 176 177 178 179 180 181 182 183 184 185 186 187 188 189 190 191 192 193 194 195 196 197 198 199 200 201 202 203 204 205 206 207 208 209 210 211 212 213 214 215 216 217 218 219 220 221 222 223 224 225 226 227 228 229 230 231 232 233 234 235 236 237 238 239 240 241 242 243 244 245 246 247 248 249 250 251 252 253 254 255 256 257 258 259 260 261 262 263 264 265 266 267 268 269 270 271 272 273 274 275 276 277 278 279 280 281 282 283 284 285 286 287 288 289 290 291 292 293 294 295 296 297 298 299 300 301 302 303 304 305 306 307 308 309 310 311 312 313 314 315 316 317 318 319 320 321 322 323 324 325 326 327 328 329 330 331 332 333 334 335 336 337 
HAUT
0
0
0
1
PLAQUE-2
0
0
1
SPOS
337
338 339 340 341 342 343 344 345 346 347 348 349 350 351 352 353 354 355 356 357 358 359 360 361 362 363 364 365 366 367 368 369 370 371 372 373 374 375 376 377 378 379 380 381 382 383 384 385 386 387 388 389 390 391 392 393 394 395 396 397 398 399 400 401 402 403 404 405 406 407 408 409 410 411 412 413 414 415 416 417 418 419 420 421 422 423 424 425 426 427 428 429 430 431 432 433 434 435 436 437 438 439 440 441 442 443 444 445 446 447 448 449 450 451 452 453 454 455 456 457 458 459 460 461 462 463 464 465 466 467 468 469 470 471 472 473 474 475 476 477 478 479 480 481 482 483 484 485 486 487 488 489 490 491 492 493 494 495 496 497 498 499 500 501 502 503 504 505 506 507 508 509 510 511 512 513 514 515 516 517 518 519 520 521 522 523 524 525 526 527 528 529 530 531 532 533 534 535 536 537 538 539 540 541 542 543 544 545 546 547 548 549 550 551 552 553 554 555 556 557 558 559 560 561 562 563 564 565 566 567 568 569 570 571 572 573 574 575 576 577 578 579 580 581 582 583 584 585 586 587 588 589 590 591 592 593 594 595 596 597 598 599 600 601 602 603 604 605 606 607 608 609 610 611 612 613 614 615 616 617 618 619 620 621 622 623 624 625 626 627 628 629 630 631 632 633 634 635 636 637 638 639 640 641 642 643 644 645 646 647 648 649 650 651 652 653 654 655 656 657 658 659 660 661 662 663 664 665 666 667 668 669 670 671 672 673 674 
POT1BAS
0
0
0
1
POT1-1
0
0
1
SNEG
75
1175 1176 1177 1178 1179 1180 1181 1182 1183 1184 1185 1186 1187 1188 1189 1190 1191 1192 1193 1194 1195 1196 1197 1198 1199 1200 1201 1202 1203 1204 1205 1206 1207 1208 1209 1210 1211 1212 1213 1214 1215 1216 1217 1218 1219 1220 1221 1222 1223 1224 1225 1226 1227 1228 1229 1230 1231 1232 1233 1234 1235 1236 1237 1238 1239 1240 1241 1242 1243 1244 1245 1246 1247 1248 1249 
POT1HAUT
0
0
0
1
POT1-1
0
0
1
SPOS
45
1250 1251 1252 1253 1254 1255 1256 1257 1258 1259 1260 1261 1262 1263 1264 1265 1266 1267 1268 1269 1270 1271 1272 1273 1274 1275 1276 1277 1278 1279 1280 1281 1282 1283 1284 1285 1286 1287 1288 1289 1290 1291 1292 1293 1294 
