Abaqus JOB Job-2
Abaqus 6.14-2
Abaqus License Manager checked out the following licenses:
Abaqus/Explicit checked out 5 tokens from Flexnet server 10.5.1.66.
<155 out of 160 licenses remain available>.
Begin Analysis Input File Processor
05/12/2019 11:29:19
Run pre.exe
05/12/2019 11:29:22
End Analysis Input File Processor
Begin Abaqus/Explicit Packager
05/12/2019 11:29:22
Run package.exe
05/12/2019 11:29:25
End Abaqus/Explicit Packager
Begin Abaqus/Explicit Analysis
05/12/2019 11:29:25
Run explicit.exe
05/12/2019 11:30:16
End Abaqus/Explicit Analysis
Begin Selected Results Translator
05/12/2019 11:30:16
Run select.exe
05/12/2019 11:30:17
End Selected Results Translator
Abaqus JOB Job-2 COMPLETED
